sty 26, 2024 1:33:38 PM App main
SEVERE: A severe message
sty 26, 2024 6:04:48 PM App main
SEVERE: [RESULT] [ F-n135-k7.vrp] bestTour: [1, 65, 78, 79, 64, 80, 68, 134, 34, 1, 76, 62, 59, 58, 57, 56, 55, 103, 54, 104, 105, 102, 101, 100, 99, 98, 97, 39, 40, 46, 95, 94, 30, 93, 17, 14, 16, 15, 89, 88, 90, 91, 1, 74, 75, 48, 35, 50, 49, 2, 61, 60, 32, 29, 28, 27, 26, 22, 1, 73, 23, 25, 24, 92, 21, 83, 47, 119, 19, 18, 1, 126, 112, 125, 124, 123, 111, 129, 128, 127, 1, 69, 81, 72, 67, 1, 86, 85, 87, 84, 66, 1, 20, 131, 120, 118, 132, 117, 1, 36, 37, 106, 38, 41, 45, 44, 42, 4, 3, 5, 6, 7, 9, 10, 11, 8, 12, 13, 43, 1, 33, 135, 77, 70, 71, 114, 130, 122, 113, 1, 52, 53, 51, 63, 1, 1] 
execTime:4.732[s] 
Length: 1296.0834366653798
sty 26, 2024 6:22:54 PM App main
SEVERE: [RESULT] [ F-n135-k7.vrp] bestTour: [1, 119, 47, 67, 72, 18, 19, 134, 68, 80, 64, 1, 74, 73, 48, 76, 2, 49, 78, 65, 79, 35, 50, 63, 52, 1, 92, 22, 26, 27, 28, 29, 30, 94, 95, 46, 45, 44, 43, 42, 4, 41, 38, 97, 98, 101, 99, 100, 37, 36, 102, 105, 104, 57, 58, 59, 1, 21, 83, 86, 85, 87, 1, 23, 25, 24, 60, 61, 62, 51, 53, 54, 103, 106, 40, 39, 135, 77, 1, 20, 131, 120, 118, 117, 132, 1, 55, 56, 3, 5, 6, 7, 8, 9, 10, 11, 13, 12, 89, 15, 16, 14, 17, 90, 91, 93, 88, 1, 81, 34, 82, 1, 130, 129, 128, 127, 113, 126, 112, 111, 123, 1, 71, 70, 69, 1, 75, 33, 125, 124, 122, 114, 1, 32, 1, 1] 
execTime:4.445[s] 
Length: 1315.6493484967364
sty 26, 2024 7:10:46 PM App main
SEVERE: [RESULT] [ F-n135-k7.vrp] bestTour: [1, 92, 22, 26, 27, 28, 29, 30, 93, 17, 14, 16, 15, 89, 12, 13, 11, 10, 9, 7, 6, 5, 3, 8, 4, 42, 43, 45, 44, 41, 38, 1, 84, 87, 86, 85, 1, 23, 25, 24, 60, 32, 59, 55, 56, 104, 57, 58, 106, 94, 95, 46, 40, 39, 97, 98, 101, 100, 99, 37, 36, 102, 105, 54, 1, 74, 73, 48, 76, 2, 49, 33, 135, 77, 78, 65, 35, 50, 63, 62, 61, 1, 47, 119, 19, 18, 72, 67, 134, 68, 80, 64, 1, 114, 130, 129, 128, 127, 125, 124, 123, 1, 75, 79, 34, 1, 91, 90, 88, 21, 83, 20, 131, 66, 120, 118, 117, 1, 70, 71, 69, 81, 82, 1, 112, 126, 113, 111, 122, 1, 52, 53, 51, 103, 1, 1] 
execTime:5.25[s] 
Length: 1322.73915971623
sty 26, 2024 7:12:21 PM App main
SEVERE: [RESULT] [ F-n135-k7.vrp] bestTour: [1, 119, 47, 67, 72, 18, 19, 134, 68, 64, 80, 35, 1, 106, 58, 55, 56, 104, 57, 105, 102, 103, 54, 53, 52, 51, 50, 1, 48, 76, 2, 49, 33, 135, 77, 65, 78, 75, 74, 24, 23, 1, 60, 61, 62, 63, 101, 100, 99, 98, 97, 39, 40, 46, 95, 94, 30, 93, 91, 90, 17, 14, 16, 15, 89, 12, 13, 11, 10, 9, 7, 6, 5, 1, 92, 22, 26, 27, 28, 29, 32, 59, 36, 37, 38, 41, 44, 45, 42, 43, 3, 4, 8, 88, 87, 86, 85, 1, 73, 25, 83, 21, 20, 66, 131, 120, 118, 117, 1, 125, 124, 123, 111, 127, 113, 126, 112, 128, 1, 130, 129, 114, 122, 70, 71, 1, 133, 82, 1, 81, 34, 69, 1, 79, 1, 1] 
execTime:5.193[s] 
Length: 1315.2447067871967
sty 26, 2024 7:14:19 PM App main
SEVERE: [RESULT] [ F-n135-k7.vrp] bestTour: [1, 24, 23, 25, 92, 22, 26, 27, 28, 29, 30, 93, 91, 90, 17, 14, 16, 15, 89, 13, 12, 11, 3, 5, 6, 7, 9, 10, 8, 1, 74, 73, 48, 76, 2, 49, 50, 62, 63, 51, 53, 1, 47, 119, 19, 18, 72, 67, 134, 68, 64, 80, 1, 83, 21, 88, 97, 98, 101, 100, 37, 36, 102, 54, 103, 105, 104, 57, 56, 55, 59, 58, 106, 46, 94, 1, 117, 132, 118, 120, 131, 66, 1, 81, 34, 71, 70, 1, 78, 65, 79, 135, 77, 75, 33, 35, 61, 60, 32, 38, 40, 39, 41, 45, 44, 42, 4, 43, 95, 1, 52, 99, 1, 112, 111, 123, 124, 125, 127, 113, 126, 128, 1, 87, 86, 85, 84, 20, 1, 114, 130, 129, 122, 82, 1, 1] 
execTime:5.305[s] 
Length: 1303.3571596504112
sty 26, 2024 7:22:20 PM App main
SEVERE: [RESULT] [ F-n135-k7.vrp] bestTour: [1, 73, 48, 76, 2, 49, 50, 63, 51, 52, 53, 55, 56, 1, 74, 75, 77, 135, 33, 35, 78, 65, 79, 64, 80, 68, 134, 67, 1, 92, 22, 26, 27, 28, 29, 30, 93, 17, 14, 16, 15, 89, 13, 12, 9, 10, 6, 7, 5, 3, 43, 42, 4, 41, 45, 44, 38, 36, 37, 1, 47, 119, 19, 18, 72, 70, 71, 69, 1, 83, 21, 88, 90, 91, 32, 60, 61, 62, 106, 58, 57, 104, 105, 102, 101, 99, 100, 103, 54, 59, 1, 24, 25, 23, 85, 86, 87, 84, 1, 114, 130, 129, 128, 127, 125, 124, 123, 1, 20, 131, 120, 118, 117, 132, 1, 81, 34, 82, 1, 112, 126, 113, 111, 122, 1, 40, 39, 97, 98, 94, 95, 46, 11, 8, 1, 1] 
execTime:4.56[s] 
Length: 1317.7030246872384
sty 27, 2024 12:04:14 AM App main
SEVERE: [RESULT] [ F-n135-k7.vrp] bestTour: [1, 76, 48, 75, 78, 65, 77, 135, 33, 50, 53, 52, 1, 74, 73, 24, 23, 25, 92, 22, 26, 28, 29, 30, 93, 91, 17, 14, 16, 89, 15, 13, 12, 11, 3, 43, 42, 4, 41, 45, 1, 79, 68, 80, 64, 35, 49, 63, 62, 61, 60, 32, 59, 58, 57, 104, 56, 55, 1, 21, 83, 47, 119, 18, 19, 67, 72, 1, 113, 126, 112, 111, 123, 124, 125, 127, 128, 1, 102, 105, 103, 54, 51, 106, 99, 100, 101, 98, 97, 39, 40, 38, 37, 36, 46, 95, 94, 44, 5, 6, 10, 9, 7, 8, 90, 88, 87, 86, 85, 1, 2, 1, 69, 34, 81, 1, 71, 70, 122, 114, 130, 129, 82, 1, 27, 1, 134, 131, 66, 120, 118, 132, 117, 116, 1, 1] 
execTime:4.386[s] 
Length: 1294.28805303993431294.2880530399343 (value calculated for testing)
sty 27, 2024 12:04:40 AM App main
SEVERE: [RESULT] [ F-n135-k7.vrp] bestTour: [1, 32, 59, 58, 57, 104, 56, 55, 54, 103, 105, 102, 101, 99, 100, 37, 36, 38, 41, 45, 44, 43, 42, 4, 8, 9, 10, 11, 13, 12, 89, 15, 1, 92, 26, 27, 28, 29, 30, 94, 95, 46, 40, 39, 97, 98, 106, 52, 53, 63, 62, 61, 60, 76, 1, 79, 80, 64, 35, 50, 49, 33, 135, 77, 78, 65, 75, 74, 73, 1, 47, 119, 18, 19, 72, 67, 134, 68, 1, 132, 117, 118, 120, 131, 66, 1, 21, 83, 20, 1, 48, 2, 51, 93, 17, 14, 16, 91, 90, 88, 3, 5, 6, 7, 87, 85, 86, 1, 24, 25, 23, 22, 1, 34, 81, 69, 1, 70, 71, 129, 128, 127, 113, 126, 112, 111, 123, 1, 114, 130, 124, 125, 82, 1, 84, 1] 
execTime:4.304[s] 
Length: 1315.1652696322
1315.1652696322 (value calculated for testing)
sty 27, 2024 12:12:06 AM App main
SEVERE: [RESULT] [ F-n135-k7.vrp] bestTour: [1, 112, 126, 113, 127, 125, 124, 123, 111, 128, 1, 47, 119, 19, 18, 72, 67, 134, 68, 80, 64, 1, 20, 131, 120, 118, 117, 132, 1, 87, 85, 86, 84, 66, 21, 1, 25, 23, 24, 73, 74, 75, 135, 77, 78, 65, 79, 35, 50, 49, 33, 1, 92, 22, 26, 27, 28, 29, 32, 60, 61, 62, 63, 51, 52, 53, 54, 103, 102, 105, 104, 57, 56, 55, 59, 93, 1, 48, 76, 2, 99, 101, 100, 37, 36, 38, 40, 39, 97, 98, 106, 58, 95, 94, 30, 46, 44, 45, 41, 4, 42, 43, 1, 81, 34, 69, 1, 83, 88, 90, 91, 17, 14, 16, 15, 89, 12, 13, 11, 3, 5, 6, 7, 9, 10, 8, 1, 71, 70, 122, 130, 129, 114, 82, 1, 1] 
execTime:45.893[s] 
Length: 1239.1996819726403
Length: 1239.1996819726403 (calculated with function)
sty 27, 2024 12:47:55 AM App main
SEVERE: [RESULT] [ F-n135-k7.vrp] bestTour: [1, 73, 74, 75, 135, 77, 78, 65, 79, 64, 80, 68, 134, 81, 1, 92, 22, 26, 27, 28, 29, 30, 93, 91, 90, 17, 14, 16, 15, 89, 12, 13, 11, 3, 43, 42, 4, 41, 45, 44, 54, 103, 1, 21, 83, 19, 18, 72, 67, 119, 47, 1, 24, 25, 23, 61, 60, 32, 59, 58, 57, 104, 56, 55, 53, 52, 51, 63, 62, 1, 86, 85, 87, 84, 66, 1, 111, 123, 124, 125, 127, 113, 126, 112, 128, 1, 88, 5, 6, 7, 9, 10, 8, 97, 39, 40, 38, 36, 37, 100, 99, 101, 98, 102, 105, 106, 94, 95, 46, 50, 1, 69, 34, 70, 71, 82, 1, 35, 49, 2, 76, 48, 33, 1, 20, 131, 120, 118, 132, 117, 1, 114, 130, 129, 1, 1] 
execTime:4.268[s] 
Length: 1327.9040843420244
Length: 1327.9040843420244 (   calculated with function)
sty 27, 2024 1:38:12 AM App main
SEVERE: [RESULT] [ F-n135-k7.vrp] bestTour: [1, 23, 25, 24, 73, 74, 75, 77, 135, 33, 35, 80, 64, 79, 65, 78, 48, 76, 2, 1, 92, 22, 26, 27, 28, 29, 30, 93, 91, 90, 88, 8, 7, 9, 10, 11, 13, 12, 89, 15, 16, 14, 17, 102, 105, 104, 56, 55, 54, 103, 62, 61, 60, 32, 59, 58, 57, 1, 21, 83, 119, 47, 67, 72, 18, 19, 1, 36, 37, 100, 101, 99, 98, 97, 39, 40, 46, 95, 94, 106, 38, 41, 45, 44, 43, 42, 4, 3, 5, 6, 1, 49, 50, 63, 53, 52, 51, 68, 134, 1, 130, 114, 125, 112, 126, 113, 127, 128, 1, 81, 34, 69, 1, 86, 85, 87, 84, 20, 1, 66, 131, 120, 118, 132, 117, 116, 1, 71, 70, 122, 111, 123, 124, 129, 1, 1] 
execTime:4.453[s] 
Length: 1311.4686131745038
Length: 1311.4686131745038 (calculated with function)
sty 27, 2024 1:39:20 AM App main
SEVERE: [RESULT] [ F-n135-k7.vrp] bestTour: [1, 126, 113, 127, 128, 129, 130, 114, 125, 1, 67, 72, 19, 18, 119, 47, 21, 83, 1, 74, 75, 77, 135, 33, 35, 68, 134, 1, 48, 76, 2, 49, 50, 63, 62, 61, 60, 32, 59, 58, 57, 56, 55, 104, 105, 102, 1, 73, 24, 25, 23, 92, 22, 26, 27, 28, 29, 30, 93, 91, 90, 17, 14, 15, 16, 89, 13, 12, 8, 7, 6, 10, 9, 3, 45, 1, 52, 53, 51, 54, 103, 106, 39, 97, 98, 99, 101, 100, 37, 36, 38, 41, 4, 42, 43, 44, 1, 65, 78, 79, 64, 80, 1, 71, 70, 34, 81, 1, 11, 5, 88, 87, 86, 85, 84, 66, 1, 20, 131, 120, 118, 132, 117, 1, 40, 46, 95, 94, 1, 69, 111, 124, 123, 112, 122, 1] 
execTime:4.225[s] 
Length: 1337.5930080366072
Length: 1337.5930080366072 (calculated with function)
sty 27, 2024 1:39:35 AM App main
SEVERE: [RESULT] [ F-n135-k7.vrp] bestTour: [1, 73, 48, 76, 2, 49, 33, 135, 77, 75, 74, 25, 23, 24, 1, 63, 51, 53, 52, 59, 103, 54, 104, 105, 102, 101, 99, 100, 37, 36, 97, 39, 40, 1, 91, 90, 88, 87, 86, 85, 84, 21, 1, 47, 119, 19, 18, 72, 67, 134, 68, 80, 64, 1, 92, 22, 26, 27, 28, 29, 30, 93, 17, 14, 16, 15, 89, 13, 11, 5, 10, 7, 6, 9, 8, 12, 3, 42, 43, 45, 44, 41, 4, 38, 94, 1, 60, 61, 62, 32, 55, 56, 57, 58, 106, 98, 46, 95, 1, 35, 50, 78, 65, 79, 69, 71, 70, 1, 83, 20, 66, 131, 120, 118, 117, 1, 128, 129, 127, 113, 126, 112, 111, 123, 124, 1, 81, 34, 82, 1, 130, 114, 122, 125, 1, 1] 
execTime:4.289[s] 
Length: 1306.9354572273292
Length: 1306.9354572273292 (calculated with function)
sty 27, 2024 11:10:30 AM App main
SEVERE: [RESULT] [ F-n135-k7.vrp] bestTour: [1, 35, 50, 63, 76, 2, 24, 25, 23, 27, 32, 104, 105, 103, 54, 55, 56, 101, 98, 58, 46, 94, 95, 11, 12, 13, 10, 7, 9, 1, 67, 72, 18, 19, 69, 71, 70, 135, 77, 74, 78, 33, 62, 61, 1, 47, 57, 3, 43, 42, 38, 40, 39, 36, 37, 106, 100, 99, 102, 4, 93, 14, 17, 16, 15, 89, 97, 41, 52, 1, 92, 22, 26, 28, 29, 30, 59, 73, 48, 80, 49, 65, 86, 85, 87, 8, 91, 90, 5, 6, 44, 45, 51, 60, 134, 1, 119, 34, 81, 128, 127, 126, 123, 1, 21, 83, 53, 68, 64, 79, 88, 116, 1, 75, 82, 124, 125, 113, 112, 129, 130, 117, 1, 66, 20, 131, 111, 122, 110, 120, 118, 1, 133, 1, 132, 1] 
execTime:0.395[s] 
Length: 2186.6022632215722
Length: 2186.6022632215722 (calculated with function)
sty 30, 2024 8:26:57 PM App main
SEVERE: [RESULT] [ F-n135-k7.vrp] bestTour: [1, 28, 135, 33, 75, 65, 64, 80, 68, 134, 79, 55, 56, 104, 105, 99, 101, 77, 1, 52, 53, 51, 63, 62, 46, 40, 44, 45, 41, 4, 42, 43, 59, 103, 61, 2, 76, 78, 1, 73, 38, 39, 54, 58, 57, 102, 100, 37, 3, 11, 12, 13, 9, 106, 94, 95, 30, 29, 1, 74, 22, 92, 25, 23, 24, 27, 48, 97, 98, 86, 85, 87, 7, 6, 5, 10, 8, 19, 67, 1, 119, 47, 127, 129, 113, 128, 124, 125, 123, 126, 112, 1, 72, 18, 66, 117, 132, 118, 116, 1, 35, 50, 49, 17, 90, 93, 1, 26, 32, 60, 1, 21, 83, 14, 16, 89, 15, 91, 1, 1, 1, 69, 1, 1, 1, 34, 81, 82, 1, 1, 1, 88, 1, 1, 1, 1] 
execTime:0.365[s] 
Length: 1477.0018855204542
Length: 
sty 30, 2024 8:27:22 PM App main
SEVERE: [RESULT] [ F-n135-k7.vrp] bestTour: [1, 73, 106, 58, 53, 52, 63, 61, 23, 24, 25, 119, 47, 99, 101, 51, 56, 55, 89, 16, 1, 41, 97, 65, 135, 35, 49, 79, 134, 81, 1, 76, 2, 37, 105, 103, 54, 57, 102, 36, 39, 40, 45, 44, 43, 42, 46, 3, 13, 11, 9, 10, 5, 12, 7, 6, 15, 91, 1, 64, 104, 1, 33, 75, 74, 19, 67, 80, 100, 98, 38, 1, 22, 92, 21, 83, 70, 71, 27, 26, 29, 4, 30, 95, 94, 1, 62, 1, 60, 32, 1, 50, 48, 1, 18, 72, 78, 77, 14, 17, 1, 120, 66, 124, 123, 112, 113, 126, 111, 125, 127, 128, 1, 114, 130, 129, 122, 1, 88, 90, 59, 85, 86, 87, 84, 93, 1, 28, 20, 68, 34, 1, 1, 132, 117, 1] 
execTime:0.078[s] 
Length: 1954.467157853146
Length: 
sty 30, 2024 8:28:13 PM App main
SEVERE: [RESULT] [ F-n135-k7.vrp] bestTour: [1, 80, 64, 78, 65, 77, 135, 2, 49, 33, 48, 73, 103, 104, 57, 56, 54, 25, 1, 40, 99, 101, 100, 37, 38, 39, 97, 98, 102, 59, 60, 51, 52, 53, 76, 42, 41, 44, 45, 46, 43, 1, 20, 34, 81, 1, 23, 24, 92, 22, 27, 95, 94, 61, 15, 14, 11, 8, 10, 12, 13, 106, 58, 36, 62, 63, 55, 105, 29, 50, 74, 79, 88, 26, 35, 119, 1, 47, 72, 17, 16, 89, 30, 32, 1, 67, 128, 130, 114, 112, 113, 1, 1, 91, 90, 1, 75, 28, 3, 5, 6, 7, 9, 83, 21, 86, 85, 87, 19, 18, 1, 93, 1, 82, 133, 1, 1, 134, 68, 1, 1, 1, 1, 1, 1, 1, 1, 4, 1, 1, 1, 1, 1, 69, 116, 1] 
execTime:0.063[s] 
Length: 1638.3619526494874
Length: 
sty 30, 2024 8:28:29 PM App main
SEVERE: [RESULT] [ F-n135-k7.vrp] bestTour: [1, 104, 57, 56, 61, 60, 36, 37, 40, 39, 97, 58, 44, 45, 41, 1, 24, 25, 23, 28, 88, 34, 81, 1, 22, 72, 129, 130, 114, 1, 30, 94, 95, 32, 62, 106, 53, 52, 51, 49, 35, 47, 119, 21, 26, 92, 1, 15, 14, 65, 78, 75, 73, 76, 48, 33, 135, 77, 63, 1, 20, 19, 18, 50, 55, 54, 103, 105, 100, 101, 99, 4, 43, 42, 9, 10, 6, 5, 11, 29, 74, 67, 1, 83, 91, 90, 3, 8, 7, 13, 12, 89, 16, 93, 2, 27, 1, 17, 1, 46, 38, 1, 1, 131, 84, 85, 86, 1, 1, 1, 59, 102, 98, 68, 122, 124, 125, 127, 123, 1, 1, 79, 64, 80, 1, 134, 117, 132, 118, 1, 82, 133, 1, 1, 1, 1] 
execTime:0.078[s] 
Length: 1789.3323070647166
Length: 
sty 30, 2024 8:28:37 PM App main
SEVERE: [RESULT] [ F-n135-k7.vrp] bestTour: [1, 68, 79, 35, 90, 91, 32, 1, 4, 38, 100, 104, 56, 55, 37, 36, 29, 73, 48, 135, 33, 27, 26, 28, 23, 25, 24, 76, 74, 22, 92, 1, 77, 78, 65, 49, 50, 51, 103, 54, 57, 58, 106, 105, 102, 40, 39, 1, 2, 99, 101, 97, 98, 94, 95, 46, 9, 7, 5, 11, 13, 16, 89, 15, 61, 60, 18, 19, 8, 6, 10, 3, 93, 30, 1, 67, 72, 119, 47, 66, 129, 130, 1, 1, 12, 14, 1, 75, 44, 45, 43, 42, 1, 88, 84, 86, 85, 87, 1, 64, 80, 134, 52, 53, 63, 62, 1, 83, 21, 71, 70, 69, 127, 123, 125, 1, 59, 1, 34, 81, 117, 1, 20, 120, 131, 108, 1, 121, 111, 1, 1, 116, 115, 1, 1, 1] 
execTime:0.078[s] 
Length: 2347.0462062056117
Length: 
sty 30, 2024 8:28:46 PM App main
SEVERE: [RESULT] [ F-n135-k7.vrp] bestTour: [1, 92, 23, 25, 24, 22, 60, 32, 55, 56, 106, 58, 57, 101, 105, 103, 104, 1, 78, 65, 86, 85, 87, 12, 15, 43, 4, 42, 11, 3, 1, 50, 1, 67, 72, 74, 75, 36, 27, 62, 61, 48, 1, 135, 77, 33, 35, 100, 98, 39, 95, 94, 40, 29, 1, 18, 34, 81, 71, 70, 1, 19, 26, 76, 2, 134, 63, 52, 53, 51, 1, 21, 83, 1, 1, 47, 119, 49, 16, 14, 17, 89, 13, 6, 5, 41, 38, 99, 37, 45, 44, 46, 10, 9, 7, 8, 90, 91, 28, 1, 73, 1, 68, 80, 64, 79, 1, 88, 30, 97, 1, 20, 121, 110, 1, 120, 130, 125, 124, 128, 127, 111, 126, 113, 112, 1, 93, 59, 54, 102, 1, 1, 69, 123, 129, 1] 
execTime:0.078[s] 
Length: 1775.9740769350929
Length: 
sty 30, 2024 8:34:36 PM App main
SEVERE: [RESULT] [ F-n135-k7.vrp] bestTour: [1, 47, 58, 57, 55, 52, 53, 51, 135, 77, 33, 64, 80, 1, 75, 65, 78, 50, 102, 15, 16, 14, 89, 13, 12, 10, 9, 5, 6, 7, 8, 59, 119, 63, 45, 44, 41, 43, 27, 26, 17, 39, 1, 92, 22, 74, 24, 23, 25, 28, 29, 95, 94, 40, 97, 100, 99, 101, 37, 106, 1, 19, 62, 61, 48, 73, 1, 60, 32, 30, 3, 1, 35, 49, 104, 56, 103, 54, 38, 36, 105, 91, 90, 82, 1, 18, 110, 121, 112, 125, 1, 93, 42, 4, 118, 108, 109, 1, 134, 1, 1, 83, 21, 2, 66, 86, 85, 87, 71, 70, 69, 1, 79, 98, 76, 67, 72, 68, 1, 1, 20, 11, 46, 1, 1, 122, 124, 113, 126, 129, 128, 127, 123, 1, 1, 1] 
execTime:0.078[s] 
Length: 2195.880953375105
Length: 
sty 30, 2024 8:34:43 PM App main
SEVERE: [RESULT] [ F-n135-k7.vrp] bestTour: [1, 38, 1, 101, 102, 103, 59, 105, 104, 58, 57, 56, 63, 50, 18, 67, 37, 106, 97, 99, 100, 1, 61, 62, 2, 76, 24, 25, 23, 10, 13, 93, 98, 53, 52, 51, 75, 1, 74, 88, 12, 16, 55, 64, 80, 33, 77, 135, 78, 65, 48, 49, 35, 54, 44, 45, 43, 42, 46, 95, 11, 5, 1, 22, 92, 73, 60, 4, 40, 1, 72, 119, 47, 19, 122, 127, 125, 124, 123, 126, 1, 79, 91, 90, 1, 84, 85, 86, 87, 6, 7, 8, 9, 30, 39, 94, 1, 26, 29, 28, 32, 1, 1, 41, 1, 17, 14, 89, 15, 1, 82, 133, 1, 21, 83, 131, 118, 1, 1, 27, 1, 36, 1, 109, 108, 107, 130, 1, 113, 112, 111, 128, 129, 1, 3, 1] 
execTime:0.078[s] 
Length: 2100.9488813498288
Length: 
sty 30, 2024 8:34:46 PM App main
SEVERE: [RESULT] [ F-n135-k7.vrp] bestTour: [1, 79, 49, 30, 94, 95, 29, 38, 1, 68, 65, 78, 1, 92, 22, 26, 48, 76, 97, 40, 4, 10, 54, 104, 56, 53, 52, 1, 135, 105, 106, 98, 99, 101, 44, 45, 13, 12, 73, 25, 23, 75, 77, 33, 2, 63, 62, 32, 1, 27, 39, 46, 37, 100, 93, 9, 7, 8, 5, 11, 17, 15, 16, 89, 90, 91, 14, 24, 119, 47, 113, 1, 21, 83, 20, 66, 87, 85, 86, 58, 57, 55, 59, 61, 60, 103, 102, 36, 41, 42, 43, 6, 1, 1, 18, 19, 72, 67, 88, 1, 80, 64, 74, 1, 35, 50, 51, 28, 123, 125, 112, 126, 130, 114, 129, 1, 1, 69, 71, 70, 134, 81, 1, 1, 1, 1, 1, 34, 1, 1, 3, 1, 131, 120, 121, 1] 
execTime:0.063[s] 
Length: 1806.2340506637088
Length: 
sty 30, 2024 8:34:50 PM App main
SEVERE: [RESULT] [ F-n135-k7.vrp] bestTour: [1, 74, 49, 76, 79, 78, 65, 48, 77, 135, 5, 7, 9, 10, 6, 97, 99, 100, 98, 104, 59, 1, 118, 103, 56, 55, 57, 58, 30, 60, 32, 61, 24, 22, 23, 25, 36, 37, 38, 1, 101, 105, 102, 106, 45, 44, 41, 42, 53, 52, 51, 63, 62, 50, 2, 33, 35, 28, 27, 14, 16, 15, 89, 1, 92, 40, 39, 95, 94, 4, 54, 1, 47, 119, 64, 80, 3, 46, 93, 91, 17, 90, 88, 43, 1, 73, 75, 68, 67, 19, 18, 1, 1, 8, 12, 13, 11, 72, 134, 34, 1, 29, 1, 20, 84, 87, 85, 86, 1, 129, 128, 127, 112, 130, 114, 124, 1, 26, 21, 83, 122, 111, 123, 126, 125, 1, 1, 1, 1, 1, 71, 70, 81, 1, 109, 1] 
execTime:0.063[s] 
Length: 1960.3840401678824
Length: 
sty 30, 2024 8:34:56 PM App main
SEVERE: [RESULT] [ F-n135-k7.vrp] bestTour: [1, 117, 132, 118, 127, 112, 126, 113, 1, 23, 25, 72, 123, 124, 128, 125, 111, 1, 91, 90, 88, 19, 119, 47, 6, 5, 15, 89, 16, 14, 17, 13, 12, 7, 53, 63, 79, 80, 64, 1, 11, 95, 94, 106, 36, 98, 100, 37, 99, 101, 42, 43, 129, 130, 114, 1, 73, 22, 92, 27, 55, 56, 54, 51, 50, 49, 135, 65, 93, 57, 104, 105, 103, 102, 29, 4, 44, 45, 39, 46, 1, 83, 21, 61, 3, 41, 38, 1, 48, 2, 76, 75, 77, 78, 33, 30, 1, 67, 68, 62, 58, 97, 26, 32, 40, 1, 60, 1, 1, 35, 134, 131, 120, 20, 74, 9, 10, 8, 1, 24, 1, 18, 69, 81, 34, 1, 59, 52, 86, 85, 87, 66, 84, 28, 1, 1] 
execTime:0.062[s] 
Length: 1919.1764787687155
Length: 
sty 30, 2024 8:36:38 PM App main
SEVERE: [RESULT] [ F-n135-k7.vrp] bestTour: [1, 29, 76, 106, 44, 45, 42, 4, 40, 39, 98, 100, 36, 37, 99, 101, 1, 81, 34, 124, 123, 125, 1, 92, 60, 104, 103, 54, 58, 57, 55, 56, 59, 93, 11, 73, 48, 32, 105, 102, 38, 1, 18, 119, 67, 74, 75, 65, 135, 78, 33, 77, 24, 25, 23, 17, 14, 15, 89, 97, 43, 1, 7, 5, 6, 9, 10, 16, 62, 63, 2, 49, 51, 52, 53, 50, 35, 64, 80, 1, 61, 94, 95, 46, 30, 91, 90, 28, 1, 1, 21, 3, 72, 47, 19, 83, 27, 1, 22, 26, 1, 79, 134, 71, 70, 121, 127, 1, 1, 88, 1, 68, 1, 1, 85, 86, 87, 84, 1, 120, 113, 126, 112, 111, 128, 130, 1, 13, 12, 1, 122, 116, 115, 110, 1, 1] 
execTime:0.081[s] 
Length: 2032.9191753835623
Length: 
sty 30, 2024 9:33:05 PM App main
SEVERE: [RESULT] [ F-n135-k7.vrp] bestTour: [1, 26, 28, 29, 54, 57, 55, 58, 78, 65, 74, 75, 77, 135, 35, 51, 52, 53, 1, 47, 119, 18, 19, 101, 95, 33, 2, 94, 97, 49, 63, 59, 39, 38, 1, 134, 50, 76, 14, 89, 36, 98, 99, 100, 37, 15, 16, 40, 46, 106, 56, 104, 103, 105, 30, 61, 60, 62, 1, 73, 80, 64, 79, 43, 42, 27, 24, 25, 23, 22, 92, 93, 1, 48, 90, 91, 32, 1, 3, 4, 41, 88, 9, 10, 13, 12, 8, 7, 5, 6, 44, 45, 1, 133, 82, 1, 118, 132, 117, 111, 126, 1, 115, 81, 1, 68, 34, 69, 17, 87, 1, 67, 72, 120, 131, 112, 125, 123, 1, 1, 21, 83, 127, 113, 114, 130, 1, 71, 70, 107, 110, 128, 129, 124, 122, 1] 
execTime:0.053[s] 
Length: 2344.037716606604
Length: 
sty 30, 2024 9:35:08 PM App main
SEVERE: [RESULT] [ F-n135-k7.vrp] bestTour: [1, 61, 73, 74, 50, 53, 52, 51, 55, 56, 54, 103, 104, 57, 58, 106, 102, 99, 100, 1, 92, 22, 5, 6, 9, 3, 11, 89, 15, 16, 14, 93, 128, 129, 1, 75, 77, 47, 119, 27, 28, 29, 60, 62, 32, 1, 24, 25, 23, 65, 78, 135, 94, 95, 1, 2, 76, 49, 38, 44, 45, 97, 98, 39, 46, 36, 68, 80, 35, 33, 1, 7, 8, 43, 42, 40, 41, 4, 13, 12, 105, 101, 37, 59, 30, 1, 64, 71, 70, 114, 130, 113, 126, 127, 123, 124, 1, 67, 72, 19, 18, 26, 83, 63, 1, 84, 85, 86, 87, 1, 79, 48, 134, 88, 20, 21, 1, 121, 116, 1, 17, 90, 91, 1, 81, 34, 69, 1, 10, 1, 1, 125, 112, 111, 122, 1] 
execTime:0.038[s] 
Length: 2002.3363823134841
Length: 
sty 30, 2024 9:35:14 PM App main
SEVERE: [RESULT] [ F-n135-k7.vrp] bestTour: [1, 87, 85, 86, 83, 21, 25, 23, 24, 92, 22, 26, 29, 28, 56, 57, 65, 77, 50, 51, 103, 54, 55, 52, 1, 93, 101, 99, 100, 37, 97, 75, 74, 73, 62, 59, 58, 106, 102, 41, 45, 44, 89, 16, 15, 14, 43, 42, 30, 61, 1, 70, 71, 95, 94, 104, 105, 1, 3, 11, 13, 12, 9, 8, 36, 98, 27, 90, 91, 46, 40, 39, 53, 1, 19, 18, 47, 119, 67, 72, 80, 68, 1, 64, 79, 135, 2, 33, 63, 1, 17, 49, 35, 78, 76, 48, 6, 5, 10, 7, 120, 1, 134, 133, 82, 1, 38, 1, 66, 69, 34, 81, 1, 32, 1, 4, 60, 1, 1, 1, 1, 113, 126, 112, 123, 111, 125, 124, 128, 127, 1, 1, 20, 116, 107, 1] 
execTime:0.053[s] 
Length: 1949.2098767860389
Length: 
sty 30, 2024 9:36:05 PM App main
SEVERE: [RESULT] [ F-n135-k7.vrp] bestTour: [1, 61, 76, 23, 26, 27, 42, 41, 1, 47, 119, 78, 24, 25, 28, 54, 103, 105, 102, 104, 56, 106, 97, 39, 44, 45, 4, 43, 1, 92, 22, 48, 33, 2, 49, 60, 57, 55, 100, 99, 101, 98, 95, 94, 58, 59, 40, 46, 1, 68, 35, 50, 62, 37, 38, 1, 135, 77, 5, 9, 16, 14, 89, 6, 7, 8, 11, 10, 13, 12, 3, 93, 88, 90, 91, 30, 29, 1, 74, 73, 32, 52, 53, 51, 36, 1, 75, 65, 34, 81, 1, 67, 19, 18, 72, 79, 63, 21, 83, 17, 15, 1, 131, 84, 86, 85, 1, 64, 80, 134, 1, 133, 82, 1, 1, 1, 87, 128, 125, 124, 123, 127, 126, 113, 130, 129, 1, 20, 1, 70, 71, 122, 1, 1, 69, 1] 
execTime:0.047[s] 
Length: 1771.4550435176704
Length: 
sty 30, 2024 9:39:09 PM App main
SEVERE: [RESULT] [ F-n135-k7.vrp] bestTour: [1, 101, 37, 38, 1, 81, 34, 129, 128, 1, 67, 119, 47, 74, 73, 135, 77, 76, 106, 58, 57, 105, 59, 55, 51, 52, 53, 102, 1, 134, 41, 44, 45, 39, 40, 3, 11, 13, 12, 6, 5, 4, 42, 43, 98, 100, 99, 36, 46, 94, 95, 9, 10, 29, 1, 25, 24, 23, 27, 104, 56, 54, 103, 18, 19, 7, 16, 15, 89, 14, 17, 1, 61, 64, 65, 78, 75, 2, 60, 35, 33, 32, 62, 63, 50, 26, 22, 92, 71, 70, 79, 1, 48, 1, 113, 111, 127, 126, 124, 125, 112, 123, 130, 1, 30, 28, 1, 91, 90, 97, 1, 117, 132, 122, 82, 1, 21, 83, 66, 1, 80, 88, 93, 1, 1, 72, 1, 49, 8, 114, 1, 87, 85, 86, 84, 1] 
execTime:0.069[s] 
Length: 1950.2460445757001
Length: 
sty 30, 2024 9:39:23 PM App main
SEVERE: [RESULT] [ F-n135-k7.vrp] bestTour: [1, 75, 78, 101, 100, 36, 98, 1, 24, 25, 49, 35, 33, 135, 77, 65, 2, 27, 26, 16, 89, 14, 46, 94, 95, 30, 60, 61, 52, 1, 79, 1, 91, 88, 40, 41, 4, 74, 73, 32, 97, 54, 58, 55, 56, 105, 104, 53, 51, 102, 43, 42, 45, 44, 1, 87, 85, 86, 39, 1, 48, 57, 59, 106, 103, 99, 1, 67, 72, 18, 19, 92, 23, 22, 17, 11, 13, 12, 10, 9, 7, 5, 1, 64, 80, 50, 62, 63, 76, 47, 119, 28, 93, 118, 1, 68, 134, 69, 71, 70, 81, 1, 90, 38, 1, 83, 21, 6, 8, 1, 1, 133, 82, 120, 1, 15, 123, 124, 125, 129, 114, 130, 126, 112, 1, 29, 1, 37, 66, 131, 20, 132, 117, 1, 127, 1] 
execTime:0.053[s] 
Length: 2118.1308276211657
Length: 
sty 30, 2024 9:40:15 PM App main
SEVERE: [RESULT] [ F-n135-k7.vrp] bestTour: [1, 75, 84, 1, 61, 60, 27, 30, 58, 55, 62, 98, 101, 105, 102, 100, 99, 97, 38, 37, 36, 1, 24, 23, 25, 53, 52, 59, 56, 57, 104, 54, 103, 106, 94, 95, 39, 40, 1, 76, 2, 50, 51, 45, 44, 43, 42, 4, 92, 22, 33, 78, 65, 134, 47, 119, 18, 19, 110, 41, 91, 86, 85, 87, 66, 80, 8, 46, 1, 128, 129, 126, 113, 127, 112, 111, 123, 125, 1, 67, 74, 29, 32, 1, 83, 21, 89, 15, 16, 14, 17, 93, 1, 35, 135, 77, 48, 79, 68, 64, 28, 1, 49, 63, 10, 9, 6, 7, 5, 1, 114, 130, 1, 73, 26, 1, 69, 81, 34, 1, 72, 20, 132, 117, 1, 90, 3, 11, 13, 12, 88, 70, 71, 1, 1, 1] 
execTime:0.069[s] 
Length: 2078.438465147033
Length: 
sty 30, 2024 9:41:10 PM App main
SEVERE: [RESULT] [ F-n135-k7.vrp] bestTour: [1, 92, 23, 25, 24, 60, 61, 52, 53, 51, 55, 56, 104, 57, 54, 102, 105, 1, 7, 6, 5, 12, 13, 15, 16, 14, 88, 90, 91, 3, 28, 73, 86, 85, 87, 19, 18, 66, 69, 22, 71, 1, 76, 35, 65, 78, 135, 33, 77, 80, 64, 79, 63, 99, 101, 100, 37, 1, 74, 75, 48, 62, 58, 45, 44, 103, 98, 97, 39, 1, 21, 83, 47, 119, 72, 27, 1, 89, 17, 32, 67, 120, 20, 10, 9, 11, 46, 38, 1, 42, 43, 4, 29, 30, 59, 94, 95, 1, 26, 41, 106, 1, 1, 1, 1, 2, 49, 50, 134, 68, 70, 81, 1, 1, 129, 114, 130, 126, 113, 127, 124, 125, 1, 93, 36, 1, 1, 133, 82, 1, 112, 111, 123, 128, 1, 1] 
execTime:0.068[s] 
Length: 1871.2701504299305
Length: 
sty 30, 2024 9:41:48 PM App main
SEVERE: [RESULT] [ F-n135-k7.vrp] bestTour: [1, 22, 61, 1, 1, 25, 23, 24, 92, 27, 63, 2, 35, 51, 52, 53, 54, 103, 55, 104, 56, 102, 38, 1, 48, 64, 65, 78, 77, 135, 33, 76, 62, 60, 97, 1, 72, 67, 134, 71, 70, 41, 46, 3, 36, 37, 100, 99, 1, 66, 69, 117, 132, 131, 57, 105, 1, 34, 81, 119, 19, 18, 47, 1, 74, 68, 21, 83, 90, 91, 17, 44, 45, 40, 39, 94, 95, 5, 6, 7, 8, 9, 10, 1, 49, 73, 75, 4, 42, 43, 1, 15, 89, 16, 14, 93, 88, 28, 29, 1, 126, 125, 112, 124, 123, 129, 128, 127, 113, 1, 11, 13, 12, 101, 98, 30, 58, 106, 59, 32, 1, 1, 79, 80, 1, 1, 1, 50, 26, 1, 20, 84, 86, 85, 87, 1] 
execTime:0.078[s] 
Length: 1621.7568179166904
Length: 
sty 30, 2024 9:42:37 PM App main
SEVERE: [RESULT] [ F-n135-k7.vrp] bestTour: [1, 29, 28, 17, 105, 101, 100, 98, 35, 37, 36, 57, 1, 92, 55, 53, 52, 51, 62, 73, 25, 24, 23, 48, 1, 97, 58, 59, 56, 104, 54, 103, 102, 91, 13, 9, 10, 11, 8, 6, 5, 7, 3, 93, 45, 44, 4, 41, 106, 32, 60, 1, 63, 89, 15, 16, 77, 135, 75, 61, 2, 19, 18, 72, 67, 134, 1, 27, 49, 76, 65, 74, 22, 50, 46, 39, 40, 38, 1, 79, 132, 117, 113, 126, 112, 124, 1, 47, 119, 21, 83, 99, 12, 1, 64, 78, 33, 80, 68, 34, 1, 120, 133, 82, 1, 26, 86, 85, 87, 84, 1, 95, 94, 1, 118, 123, 125, 127, 128, 129, 130, 114, 1, 90, 88, 1, 43, 42, 14, 1, 81, 69, 71, 70, 30, 1] 
execTime:0.1[s] 
Length: 1815.085388590956
Length: 
sty 30, 2024 9:42:43 PM App main
SEVERE: [RESULT] [ F-n135-k7.vrp] bestTour: [1, 62, 51, 52, 56, 104, 63, 45, 44, 46, 41, 55, 100, 101, 99, 98, 57, 97, 40, 39, 38, 1, 54, 103, 95, 94, 30, 1, 22, 92, 73, 74, 61, 76, 2, 18, 19, 119, 47, 78, 65, 77, 35, 135, 75, 67, 1, 58, 105, 53, 32, 1, 4, 42, 3, 5, 6, 25, 23, 24, 60, 1, 33, 28, 59, 102, 43, 1, 29, 27, 90, 91, 93, 1, 36, 37, 106, 17, 88, 50, 49, 26, 66, 1, 9, 12, 13, 8, 7, 11, 10, 34, 69, 1, 80, 64, 79, 134, 124, 126, 113, 127, 129, 128, 112, 125, 1, 48, 72, 71, 70, 85, 86, 87, 21, 83, 1, 14, 89, 15, 16, 1, 122, 130, 114, 123, 111, 1, 1, 20, 117, 132, 131, 120, 82, 1] 
execTime:0.088[s] 
Length: 1862.5068986065548
Length: 
sty 30, 2024 9:46:27 PM App main
SEVERE: [RESULT] [ F-n135-k7.vrp] bestTour: [1, 83, 6, 5, 56, 104, 57, 106, 100, 98, 99, 37, 55, 103, 54, 93, 102, 105, 97, 39, 38, 1, 17, 14, 3, 46, 40, 43, 42, 45, 44, 41, 4, 51, 53, 52, 95, 94, 33, 135, 1, 32, 30, 59, 2, 62, 63, 50, 76, 48, 35, 49, 74, 73, 60, 77, 19, 18, 101, 36, 26, 1, 27, 92, 87, 86, 85, 15, 89, 16, 11, 9, 10, 8, 7, 12, 13, 1, 69, 1, 67, 72, 1, 119, 47, 75, 79, 78, 65, 131, 66, 1, 123, 127, 126, 113, 129, 125, 124, 111, 112, 1, 24, 25, 23, 22, 58, 1, 61, 29, 1, 88, 91, 90, 1, 1, 21, 71, 70, 20, 128, 130, 114, 122, 1, 64, 80, 134, 34, 81, 1, 68, 117, 132, 118, 1] 
execTime:0.101[s] 
Length: 1790.6244105134222
Length: 
sty 30, 2024 9:46:32 PM App main
SEVERE: [RESULT] [ F-n135-k7.vrp] bestTour: [1, 134, 48, 33, 35, 79, 62, 52, 53, 57, 104, 106, 56, 55, 58, 41, 44, 1, 27, 28, 26, 23, 25, 24, 92, 93, 17, 90, 11, 45, 40, 39, 97, 99, 100, 101, 105, 54, 59, 51, 37, 36, 46, 95, 94, 1, 49, 29, 1, 1, 1, 50, 103, 1, 119, 18, 19, 67, 72, 76, 2, 135, 78, 65, 77, 64, 80, 74, 43, 42, 38, 1, 22, 32, 1, 68, 30, 1, 98, 102, 1, 47, 73, 61, 60, 1, 20, 34, 81, 1, 70, 71, 13, 9, 7, 6, 10, 3, 15, 89, 16, 14, 91, 12, 8, 5, 111, 1, 75, 1, 1, 63, 1, 128, 124, 112, 113, 126, 130, 129, 127, 125, 123, 1, 1, 83, 21, 87, 85, 86, 1, 84, 1, 1, 66, 1] 
execTime:0.053[s] 
Length: 1694.4449043868015
Length: 
sty 30, 2024 9:49:12 PM App main
SEVERE: [RESULT] [ F-n135-k7.vrp] bestTour: [1, 25, 23, 28, 32, 63, 50, 77, 135, 53, 52, 94, 100, 37, 99, 97, 57, 58, 55, 54, 56, 106, 40, 45, 1, 104, 101, 3, 5, 6, 13, 22, 26, 48, 51, 41, 1, 92, 27, 73, 79, 62, 120, 78, 65, 64, 93, 91, 17, 16, 88, 7, 8, 38, 102, 103, 105, 35, 76, 1, 67, 72, 74, 24, 1, 18, 19, 119, 47, 80, 33, 2, 49, 59, 60, 61, 1, 90, 30, 95, 4, 44, 39, 1, 134, 68, 9, 10, 11, 1, 46, 21, 83, 29, 1, 14, 15, 89, 12, 43, 42, 36, 98, 1, 123, 125, 113, 126, 112, 124, 128, 127, 111, 1, 20, 118, 132, 117, 122, 1, 34, 81, 69, 1, 1, 130, 114, 129, 1, 75, 1, 85, 86, 87, 66, 1] 
execTime:0.069[s] 
Length: 1902.00406235938
Length: 
sty 30, 2024 9:49:20 PM App main
SEVERE: [RESULT] [ F-n135-k7.vrp] bestTour: [1, 49, 61, 58, 38, 99, 98, 106, 46, 39, 40, 45, 44, 41, 43, 42, 4, 1, 73, 74, 48, 75, 77, 135, 11, 12, 13, 6, 9, 28, 26, 25, 23, 24, 92, 22, 52, 1, 62, 102, 105, 56, 55, 51, 50, 79, 29, 27, 8, 7, 30, 101, 37, 100, 97, 103, 54, 53, 1, 57, 104, 47, 119, 60, 72, 18, 19, 67, 78, 65, 64, 35, 1, 33, 2, 76, 59, 63, 91, 32, 93, 16, 14, 17, 90, 1, 68, 134, 34, 1, 88, 1, 3, 89, 15, 132, 117, 118, 1, 5, 10, 95, 94, 36, 1, 80, 1, 21, 83, 1, 1, 87, 86, 85, 84, 1, 20, 133, 1, 66, 131, 112, 111, 124, 123, 113, 1, 1, 130, 125, 127, 128, 129, 114, 126, 1] 
execTime:0.047[s] 
Length: 1797.9864731508185
Length: 
sty 30, 2024 9:49:24 PM App main
SEVERE: [RESULT] [ F-n135-k7.vrp] bestTour: [1, 46, 40, 99, 37, 63, 56, 101, 100, 97, 39, 102, 57, 104, 53, 52, 51, 95, 94, 105, 54, 58, 1, 135, 33, 49, 35, 50, 98, 44, 45, 42, 43, 7, 12, 13, 11, 10, 9, 8, 3, 30, 90, 91, 1, 68, 64, 79, 78, 65, 77, 75, 60, 62, 32, 1, 92, 23, 24, 25, 27, 26, 28, 29, 1, 76, 2, 5, 6, 103, 74, 83, 21, 48, 106, 41, 1, 86, 85, 87, 15, 89, 16, 88, 4, 93, 59, 61, 1, 67, 19, 119, 47, 72, 80, 134, 18, 81, 1, 70, 71, 127, 125, 124, 123, 111, 113, 126, 112, 1, 14, 17, 22, 1, 36, 55, 38, 1, 73, 34, 69, 130, 128, 1, 66, 120, 132, 117, 118, 1, 1, 131, 20, 1, 1, 1] 
execTime:0.078[s] 
Length: 1628.4867328231119
Length: 
sty 30, 2024 9:49:55 PM App main
SEVERE: [RESULT] [ F-n135-k7.vrp] bestTour: [1, 20, 134, 68, 24, 25, 23, 73, 48, 62, 51, 50, 1, 22, 92, 27, 28, 60, 61, 30, 91, 93, 53, 52, 106, 32, 42, 4, 43, 45, 44, 38, 95, 94, 36, 37, 100, 1, 72, 85, 86, 87, 135, 65, 78, 77, 49, 35, 2, 76, 33, 55, 54, 103, 1, 56, 58, 57, 102, 105, 104, 63, 119, 47, 18, 26, 29, 97, 59, 83, 98, 101, 99, 1, 79, 64, 80, 46, 11, 10, 9, 8, 6, 7, 5, 39, 40, 1, 75, 74, 17, 41, 67, 81, 1, 15, 89, 16, 14, 13, 12, 90, 88, 69, 34, 1, 21, 19, 113, 112, 127, 126, 111, 123, 125, 124, 128, 1, 66, 71, 70, 131, 117, 132, 118, 1, 114, 130, 129, 1, 109, 108, 107, 1, 1, 1] 
execTime:0.085[s] 
Length: 2088.756144768976
Length: 
sty 30, 2024 9:50:01 PM App main
SEVERE: [RESULT] [ F-n135-k7.vrp] bestTour: [1, 60, 30, 59, 97, 98, 94, 95, 93, 106, 62, 37, 36, 63, 53, 52, 105, 40, 45, 44, 15, 89, 16, 90, 14, 17, 43, 1, 73, 35, 102, 55, 56, 104, 4, 10, 9, 46, 61, 92, 22, 79, 64, 78, 135, 77, 65, 23, 24, 25, 1, 83, 49, 100, 99, 101, 58, 57, 103, 54, 28, 27, 29, 1, 26, 32, 1, 6, 5, 42, 39, 38, 1, 84, 91, 88, 13, 11, 12, 7, 8, 33, 1, 48, 74, 75, 2, 76, 80, 47, 119, 67, 18, 19, 1, 50, 51, 1, 134, 1, 21, 130, 114, 125, 124, 123, 128, 126, 113, 66, 1, 72, 3, 41, 1, 87, 85, 86, 122, 121, 1, 20, 131, 120, 69, 1, 1, 117, 132, 118, 129, 111, 1, 1, 34, 1] 
execTime:0.062[s] 
Length: 1979.9833933231655
Length: 
sty 30, 2024 9:50:48 PM App main
SEVERE: [RESULT] [ F-n135-k7.vrp] bestTour: [1, 94, 95, 40, 39, 1, 28, 29, 63, 1, 52, 53, 59, 56, 55, 104, 57, 58, 106, 93, 77, 78, 65, 73, 76, 2, 51, 62, 50, 38, 1, 17, 98, 42, 43, 45, 44, 13, 12, 11, 5, 10, 6, 3, 101, 102, 54, 105, 100, 99, 37, 1, 22, 92, 119, 47, 30, 88, 103, 1, 33, 48, 75, 26, 27, 60, 61, 83, 21, 25, 24, 23, 1, 68, 9, 7, 134, 15, 16, 14, 90, 91, 49, 135, 74, 36, 86, 85, 87, 1, 67, 18, 72, 19, 35, 64, 80, 1, 110, 108, 109, 107, 1, 79, 34, 81, 1, 4, 32, 1, 126, 112, 125, 113, 127, 128, 129, 130, 1, 97, 1, 41, 1, 69, 70, 71, 120, 1, 132, 117, 118, 124, 111, 1, 8, 1] 
execTime:0.137[s] 
Length: 2206.0532989872245
Length: 
sty 30, 2024 9:50:51 PM App main
SEVERE: [RESULT] [ F-n135-k7.vrp] bestTour: [1, 23, 24, 25, 22, 92, 100, 99, 101, 38, 97, 39, 40, 44, 45, 46, 33, 77, 61, 36, 37, 103, 54, 95, 1, 28, 16, 13, 11, 7, 10, 106, 56, 64, 65, 78, 135, 42, 4, 3, 5, 6, 9, 88, 48, 35, 73, 1, 29, 59, 30, 102, 15, 89, 93, 26, 62, 104, 98, 105, 57, 58, 52, 53, 51, 63, 55, 94, 12, 14, 90, 91, 32, 74, 1, 41, 1, 2, 76, 49, 50, 1, 72, 67, 119, 47, 18, 19, 117, 1, 68, 1, 20, 85, 86, 87, 17, 43, 1, 1, 60, 1, 109, 108, 107, 1, 27, 75, 8, 1, 1, 70, 71, 124, 125, 129, 128, 112, 111, 123, 126, 1, 134, 115, 116, 114, 1, 34, 81, 69, 21, 1, 113, 127, 130, 1] 
execTime:0.085[s] 
Length: 2180.115852319554
Length: 
sty 30, 2024 9:50:59 PM App main
SEVERE: [RESULT] [ F-n135-k7.vrp] bestTour: [1, 73, 57, 58, 51, 63, 16, 14, 89, 15, 3, 97, 37, 100, 62, 53, 52, 55, 56, 1, 29, 27, 48, 75, 77, 33, 65, 80, 64, 35, 54, 103, 105, 4, 44, 45, 101, 99, 98, 1, 92, 22, 26, 28, 90, 91, 36, 102, 104, 106, 10, 9, 12, 13, 11, 40, 41, 94, 95, 46, 74, 25, 23, 24, 1, 61, 60, 32, 1, 67, 135, 78, 49, 2, 76, 50, 1, 119, 47, 72, 79, 68, 134, 19, 18, 1, 20, 1, 5, 6, 7, 8, 30, 93, 1, 21, 66, 17, 86, 85, 87, 83, 1, 120, 133, 82, 1, 71, 70, 81, 34, 125, 1, 39, 38, 1, 130, 114, 123, 111, 124, 129, 1, 59, 1, 1, 1, 118, 116, 115, 117, 1, 88, 1, 1, 1] 
execTime:0.063[s] 
Length: 1818.5316729208967
Length: 
sty 30, 2024 9:51:04 PM App main
SEVERE: [RESULT] [ F-n135-k7.vrp] bestTour: [1, 105, 56, 57, 100, 37, 55, 102, 101, 99, 98, 104, 97, 39, 40, 42, 95, 30, 59, 53, 52, 1, 92, 22, 28, 1, 23, 25, 24, 18, 86, 85, 87, 103, 54, 13, 12, 106, 58, 41, 1, 36, 93, 29, 48, 65, 78, 32, 27, 17, 8, 7, 10, 3, 5, 6, 9, 76, 62, 63, 51, 1, 120, 131, 26, 61, 60, 49, 35, 77, 135, 33, 2, 75, 1, 21, 83, 11, 44, 45, 46, 1, 126, 112, 127, 129, 124, 128, 125, 113, 123, 1, 73, 74, 67, 19, 134, 68, 47, 119, 72, 64, 1, 16, 15, 89, 90, 88, 79, 80, 50, 94, 4, 38, 1, 116, 115, 117, 1, 1, 1, 91, 1, 14, 43, 1, 70, 71, 69, 34, 1, 1, 1, 1, 1, 1] 
execTime:0.069[s] 
Length: 1720.6035728487825
Length: 
sty 30, 2024 9:51:09 PM App main
SEVERE: [RESULT] [ F-n135-k7.vrp] bestTour: [1, 57, 104, 56, 55, 52, 51, 53, 50, 76, 23, 25, 24, 26, 27, 29, 1, 48, 2, 49, 35, 135, 77, 78, 65, 21, 83, 92, 22, 94, 95, 97, 1, 54, 103, 105, 102, 39, 40, 38, 101, 100, 37, 99, 98, 58, 106, 46, 42, 44, 45, 43, 60, 61, 91, 15, 89, 90, 88, 28, 73, 6, 11, 14, 16, 1, 67, 62, 33, 3, 5, 74, 41, 4, 7, 12, 13, 8, 10, 9, 1, 47, 119, 120, 132, 117, 124, 123, 1, 32, 59, 30, 17, 87, 86, 85, 20, 19, 18, 72, 69, 71, 70, 134, 93, 36, 1, 80, 79, 64, 1, 75, 68, 1, 1, 63, 115, 111, 127, 129, 1, 1, 1, 66, 1, 34, 81, 82, 1, 1, 84, 1, 1, 1, 1, 1] 
execTime:0.069[s] 
Length: 1820.1252463875912
Length: 
sty 30, 2024 9:51:13 PM App main
SEVERE: [RESULT] [ F-n135-k7.vrp] bestTour: [1, 75, 74, 48, 76, 22, 92, 23, 25, 24, 73, 77, 40, 44, 45, 42, 4, 1, 90, 91, 93, 103, 104, 56, 105, 97, 99, 98, 106, 18, 19, 67, 72, 54, 57, 100, 1, 37, 102, 61, 63, 51, 52, 50, 39, 95, 94, 1, 62, 49, 1, 17, 14, 15, 16, 9, 11, 10, 6, 5, 8, 43, 41, 1, 46, 36, 101, 60, 29, 32, 27, 55, 38, 58, 59, 30, 28, 13, 12, 89, 88, 132, 117, 1, 119, 47, 65, 78, 135, 33, 80, 79, 134, 64, 21, 83, 70, 71, 1, 53, 26, 35, 2, 1, 3, 7, 121, 1, 85, 86, 87, 84, 1, 118, 107, 109, 108, 1, 1, 1, 1, 120, 131, 111, 124, 123, 1, 81, 34, 82, 1, 1, 66, 133, 1, 1] 
execTime:0.062[s] 
Length: 2342.9694106554375
Length: 
sty 30, 2024 9:51:17 PM App main
SEVERE: [RESULT] [ F-n135-k7.vrp] bestTour: [1, 23, 25, 24, 92, 30, 58, 55, 105, 54, 104, 99, 100, 101, 52, 53, 56, 57, 2, 59, 1, 98, 97, 39, 40, 44, 45, 4, 43, 3, 11, 93, 91, 88, 90, 38, 37, 36, 95, 94, 63, 62, 41, 46, 87, 32, 16, 89, 15, 1, 20, 66, 47, 119, 8, 6, 10, 9, 12, 13, 14, 103, 102, 106, 75, 135, 33, 35, 1, 22, 17, 21, 83, 79, 65, 78, 77, 48, 76, 61, 60, 29, 28, 26, 74, 1, 67, 19, 18, 72, 134, 80, 64, 1, 123, 125, 112, 126, 124, 113, 129, 127, 128, 130, 1, 73, 51, 1, 49, 1, 42, 1, 1, 50, 1, 69, 81, 34, 1, 117, 132, 118, 1, 27, 1, 114, 111, 122, 82, 1, 1, 1, 84, 86, 85, 1] 
execTime:0.063[s] 
Length: 1701.0507764529978
Length: 
sty 30, 2024 9:51:39 PM App main
SEVERE: [RESULT] [ F-n135-k7.vrp] bestTour: [1, 76, 48, 68, 26, 24, 25, 23, 22, 119, 47, 116, 117, 1, 83, 21, 1, 82, 133, 127, 1, 74, 28, 95, 94, 59, 35, 49, 33, 135, 77, 79, 2, 62, 38, 100, 36, 37, 58, 63, 27, 1, 92, 56, 57, 104, 103, 54, 55, 53, 52, 51, 39, 97, 99, 101, 98, 40, 1, 93, 91, 29, 30, 32, 60, 61, 102, 65, 78, 73, 75, 1, 105, 1, 18, 67, 80, 64, 134, 34, 1, 81, 69, 114, 125, 1, 45, 44, 41, 1, 72, 19, 14, 89, 15, 16, 17, 42, 43, 4, 13, 9, 6, 10, 90, 106, 11, 3, 5, 1, 87, 86, 85, 12, 20, 112, 130, 128, 126, 111, 124, 123, 1, 1, 1, 50, 7, 8, 1, 1, 1, 120, 131, 66, 46, 1] 
execTime:0.081[s] 
Length: 1962.1531861334777
Length: 
sty 30, 2024 9:51:42 PM App main
SEVERE: [RESULT] [ F-n135-k7.vrp] bestTour: [1, 63, 131, 120, 117, 132, 19, 18, 25, 24, 23, 1, 64, 80, 65, 135, 77, 33, 76, 48, 74, 73, 75, 59, 101, 99, 45, 44, 106, 56, 41, 37, 105, 1, 32, 104, 57, 58, 103, 54, 36, 97, 98, 46, 17, 93, 1, 1, 47, 119, 61, 92, 22, 1, 53, 52, 51, 55, 38, 1, 126, 113, 112, 125, 123, 124, 111, 127, 129, 1, 60, 13, 12, 14, 10, 5, 30, 95, 94, 40, 102, 100, 16, 15, 89, 11, 9, 7, 8, 42, 43, 39, 1, 1, 72, 67, 2, 49, 27, 28, 29, 91, 90, 1, 50, 62, 78, 35, 79, 68, 3, 1, 66, 108, 109, 107, 128, 1, 83, 21, 6, 4, 88, 1, 26, 1, 1, 20, 133, 1, 1, 134, 69, 34, 81, 1] 
execTime:0.069[s] 
Length: 1800.6442161063721
Length: 
sty 30, 2024 9:51:46 PM App main
SEVERE: [RESULT] [ F-n135-k7.vrp] bestTour: [1, 54, 104, 105, 101, 100, 37, 46, 50, 2, 48, 73, 23, 25, 24, 51, 52, 1, 92, 78, 65, 135, 77, 63, 103, 102, 62, 59, 56, 58, 57, 106, 45, 44, 41, 42, 10, 9, 5, 7, 89, 15, 16, 14, 17, 90, 91, 38, 1, 47, 119, 67, 72, 18, 19, 20, 123, 126, 112, 1, 27, 26, 28, 1, 53, 55, 75, 74, 61, 60, 35, 33, 49, 39, 40, 1, 4, 43, 3, 12, 94, 95, 93, 30, 68, 134, 81, 1, 131, 120, 79, 66, 22, 1, 21, 83, 87, 86, 85, 1, 1, 80, 64, 36, 98, 99, 97, 1, 1, 108, 109, 1, 13, 29, 1, 88, 32, 1, 8, 6, 11, 1, 76, 1, 1, 1, 111, 113, 114, 127, 125, 124, 1, 129, 130, 1] 
execTime:0.069[s] 
Length: 2015.288403474392
Length: 
sty 30, 2024 9:51:49 PM App main
SEVERE: [RESULT] [ F-n135-k7.vrp] bestTour: [1, 92, 25, 24, 101, 99, 36, 37, 100, 9, 11, 10, 6, 5, 7, 38, 1, 1, 58, 57, 105, 98, 39, 40, 46, 95, 94, 41, 45, 44, 1, 73, 47, 119, 67, 18, 19, 74, 60, 61, 55, 33, 135, 78, 65, 104, 56, 62, 63, 1, 90, 49, 48, 76, 2, 50, 12, 13, 3, 29, 30, 93, 97, 106, 1, 22, 103, 102, 68, 126, 112, 113, 125, 124, 123, 1, 23, 28, 111, 127, 129, 130, 114, 1, 83, 21, 20, 52, 53, 51, 54, 1, 27, 26, 1, 134, 81, 34, 79, 64, 1, 14, 15, 16, 89, 17, 88, 75, 77, 35, 80, 42, 43, 4, 1, 128, 122, 84, 120, 1, 1, 32, 1, 82, 133, 1, 131, 66, 85, 86, 87, 91, 72, 59, 1, 1] 
execTime:0.069[s] 
Length: 1966.3445553649926
Length: 
sty 30, 2024 9:51:54 PM App main
SEVERE: [RESULT] [ F-n135-k7.vrp] bestTour: [1, 73, 24, 25, 23, 22, 27, 78, 65, 77, 135, 32, 1, 2, 1, 92, 26, 94, 39, 40, 38, 97, 106, 58, 55, 56, 99, 101, 36, 103, 104, 105, 98, 95, 46, 16, 15, 89, 14, 62, 50, 1, 93, 3, 43, 42, 45, 44, 17, 10, 9, 8, 13, 12, 7, 6, 5, 11, 91, 59, 53, 52, 1, 76, 63, 51, 102, 57, 100, 37, 41, 1, 83, 33, 80, 64, 71, 70, 34, 1, 67, 18, 79, 68, 4, 1, 19, 49, 35, 75, 48, 54, 1, 74, 60, 61, 1, 72, 119, 47, 134, 81, 1, 88, 1, 84, 85, 86, 87, 120, 118, 117, 1, 20, 131, 66, 21, 28, 29, 30, 1, 122, 114, 129, 128, 125, 123, 1, 1, 1, 1, 90, 1, 69, 1, 1] 
execTime:0.069[s] 
Length: 1672.8238415908747
Length: 
sty 30, 2024 9:51:59 PM App main
SEVERE: [RESULT] [ F-n135-k7.vrp] bestTour: [1, 26, 58, 106, 55, 103, 102, 57, 104, 56, 59, 17, 14, 34, 1, 21, 81, 47, 119, 67, 72, 18, 19, 80, 64, 1, 65, 78, 79, 24, 23, 25, 22, 92, 60, 61, 76, 2, 73, 77, 135, 33, 53, 52, 51, 38, 1, 100, 37, 98, 97, 101, 99, 36, 1, 75, 93, 94, 95, 40, 46, 41, 44, 45, 1, 71, 70, 32, 88, 43, 105, 49, 54, 39, 1, 74, 27, 29, 1, 15, 16, 89, 30, 11, 7, 6, 9, 10, 5, 3, 4, 131, 83, 1, 50, 63, 62, 35, 134, 68, 118, 117, 1, 1, 12, 13, 91, 90, 69, 128, 127, 130, 129, 113, 126, 112, 125, 1, 48, 84, 86, 85, 87, 1, 1, 42, 1, 28, 1, 8, 1, 120, 110, 111, 114, 1] 
execTime:0.063[s] 
Length: 2110.7858559356905
Length: 
sty 30, 2024 9:52:02 PM App main
SEVERE: [RESULT] [ F-n135-k7.vrp] bestTour: [1, 47, 54, 103, 105, 101, 100, 99, 97, 30, 93, 51, 53, 52, 63, 18, 19, 119, 1, 1, 73, 67, 72, 74, 75, 39, 95, 94, 58, 104, 57, 55, 56, 1, 26, 62, 24, 25, 23, 1, 22, 92, 32, 29, 27, 1, 123, 111, 124, 125, 127, 128, 129, 130, 1, 1, 34, 81, 1, 2, 44, 45, 43, 89, 15, 16, 14, 17, 28, 1, 77, 33, 135, 78, 65, 76, 48, 90, 91, 83, 21, 120, 131, 1, 61, 102, 36, 37, 46, 40, 6, 5, 10, 9, 3, 11, 41, 98, 38, 1, 1, 134, 79, 64, 69, 49, 88, 42, 4, 13, 82, 1, 59, 106, 1, 80, 50, 68, 60, 1, 1, 84, 86, 85, 87, 66, 20, 1, 1, 35, 8, 12, 1, 71, 70, 1] 
execTime:0.102[s] 
Length: 1737.8206993751498
Length: 
sty 30, 2024 9:52:05 PM App main
SEVERE: [RESULT] [ F-n135-k7.vrp] bestTour: [1, 98, 40, 97, 99, 37, 100, 56, 55, 57, 104, 105, 102, 103, 43, 42, 45, 44, 38, 1, 83, 90, 91, 59, 58, 106, 94, 95, 46, 89, 16, 15, 17, 60, 78, 135, 77, 48, 33, 1, 2, 76, 63, 50, 49, 32, 51, 52, 53, 62, 35, 9, 10, 7, 4, 39, 1, 92, 22, 61, 134, 68, 71, 70, 69, 116, 131, 36, 30, 93, 1, 66, 81, 34, 1, 72, 8, 6, 5, 11, 13, 12, 14, 24, 23, 25, 73, 65, 80, 64, 79, 18, 19, 119, 1, 29, 1, 67, 47, 74, 75, 54, 101, 3, 1, 87, 86, 85, 84, 118, 1, 21, 130, 114, 123, 113, 126, 112, 124, 1, 41, 1, 20, 1, 133, 82, 1, 28, 27, 26, 1, 88, 1, 120, 108, 1] 
execTime:0.063[s] 
Length: 2199.2870413474443
Length: 
sty 30, 2024 9:52:09 PM App main
SEVERE: [RESULT] [ F-n135-k7.vrp] bestTour: [1, 56, 54, 103, 104, 101, 100, 37, 99, 102, 105, 57, 98, 39, 97, 1, 58, 76, 60, 61, 63, 91, 28, 3, 11, 93, 95, 94, 10, 9, 106, 52, 53, 51, 59, 55, 12, 1, 47, 119, 25, 23, 62, 26, 135, 65, 78, 77, 8, 42, 43, 46, 1, 24, 33, 48, 74, 27, 79, 64, 80, 29, 1, 22, 92, 14, 15, 89, 16, 38, 40, 6, 5, 7, 41, 4, 45, 44, 30, 67, 113, 126, 130, 1, 19, 18, 50, 49, 2, 83, 21, 86, 85, 87, 1, 73, 36, 75, 1, 123, 124, 114, 128, 125, 111, 1, 72, 1, 90, 35, 68, 134, 81, 1, 69, 71, 70, 34, 127, 129, 1, 20, 120, 118, 107, 109, 1, 88, 17, 13, 131, 1, 1, 1, 1, 1] 
execTime:0.063[s] 
Length: 2024.947622755554
Length: 
sty 30, 2024 9:52:12 PM App main
SEVERE: [RESULT] [ F-n135-k7.vrp] bestTour: [1, 68, 56, 106, 104, 54, 103, 53, 52, 37, 36, 38, 95, 1, 76, 5, 43, 42, 41, 39, 97, 49, 50, 77, 135, 33, 78, 48, 2, 62, 22, 119, 1, 24, 132, 117, 118, 134, 10, 13, 12, 105, 1, 17, 15, 89, 16, 14, 100, 102, 45, 44, 4, 99, 101, 98, 46, 91, 90, 1, 74, 63, 51, 64, 79, 58, 30, 86, 85, 60, 61, 27, 29, 23, 25, 26, 21, 83, 67, 19, 1, 47, 73, 75, 65, 35, 28, 92, 32, 1, 59, 40, 1, 34, 81, 1, 9, 6, 7, 3, 93, 94, 1, 131, 1, 57, 55, 72, 18, 71, 70, 122, 124, 1, 20, 114, 129, 127, 128, 112, 1, 87, 84, 88, 1, 1, 80, 8, 11, 1, 66, 1, 1, 69, 82, 1] 
execTime:0.085[s] 
Length: 2146.1604392606737
Length: 
sty 30, 2024 9:52:15 PM App main
SEVERE: [RESULT] [ F-n135-k7.vrp] bestTour: [1, 86, 85, 87, 41, 39, 40, 101, 53, 52, 51, 63, 58, 54, 55, 56, 98, 105, 104, 57, 1, 28, 29, 61, 62, 95, 94, 89, 15, 14, 16, 32, 50, 99, 100, 97, 37, 38, 1, 92, 48, 47, 119, 134, 78, 135, 19, 18, 75, 74, 33, 80, 64, 65, 77, 76, 2, 1, 73, 25, 24, 23, 26, 3, 43, 42, 45, 44, 46, 30, 93, 13, 12, 11, 10, 9, 7, 8, 6, 5, 1, 36, 102, 59, 49, 17, 91, 90, 88, 27, 22, 103, 106, 1, 72, 34, 1, 1, 67, 131, 1, 60, 1, 21, 83, 1, 35, 68, 66, 120, 82, 1, 116, 121, 1, 79, 20, 115, 129, 125, 124, 1, 69, 1, 1, 1, 4, 1, 1, 1, 1, 1, 1, 118, 112, 1] 
execTime:0.09[s] 
Length: 2053.1531928023473
Length: 
sty 30, 2024 9:52:19 PM App main
SEVERE: [RESULT] [ F-n135-k7.vrp] bestTour: [1, 60, 61, 32, 92, 24, 25, 23, 73, 35, 75, 135, 77, 65, 55, 94, 95, 46, 104, 102, 100, 99, 97, 101, 37, 1, 67, 5, 6, 9, 10, 30, 50, 53, 52, 51, 90, 17, 14, 16, 89, 15, 7, 28, 29, 1, 54, 57, 58, 56, 105, 33, 78, 49, 2, 76, 48, 79, 1, 74, 62, 103, 36, 41, 45, 44, 1, 119, 47, 18, 19, 72, 68, 134, 40, 39, 38, 1, 80, 64, 34, 81, 1, 12, 13, 11, 93, 91, 98, 1, 1, 106, 59, 22, 26, 27, 1, 69, 122, 129, 127, 113, 126, 125, 124, 123, 1, 21, 83, 117, 132, 130, 128, 1, 4, 1, 63, 1, 1, 84, 85, 86, 87, 120, 1, 42, 43, 3, 8, 1, 109, 108, 107, 1, 1, 1] 
execTime:0.063[s] 
Length: 1889.663133017293
Length: 
sty 30, 2024 9:52:22 PM App main
SEVERE: [RESULT] [ F-n135-k7.vrp] bestTour: [1, 44, 45, 99, 100, 33, 55, 56, 51, 74, 29, 98, 105, 104, 58, 106, 57, 62, 48, 50, 23, 25, 1, 64, 80, 35, 49, 135, 77, 79, 65, 61, 97, 102, 103, 54, 22, 101, 53, 52, 1, 93, 12, 11, 13, 68, 83, 37, 73, 75, 60, 32, 59, 14, 17, 16, 1, 119, 67, 19, 18, 34, 1, 47, 72, 24, 40, 39, 94, 95, 46, 1, 92, 26, 27, 1, 28, 1, 78, 76, 63, 1, 90, 15, 7, 5, 6, 1, 87, 86, 85, 84, 66, 21, 91, 30, 1, 8, 9, 10, 3, 41, 4, 42, 43, 38, 1, 1, 134, 71, 70, 69, 81, 89, 88, 131, 117, 120, 130, 1, 2, 1, 20, 110, 109, 108, 1, 1, 1, 1, 1, 1, 36, 1, 1, 1] 
execTime:0.069[s] 
Length: 2028.7485570216472
Length: 
sty 30, 2024 9:52:26 PM App main
SEVERE: [RESULT] [ F-n135-k7.vrp] bestTour: [1, 48, 65, 78, 77, 135, 56, 103, 102, 100, 101, 99, 13, 11, 12, 7, 21, 120, 131, 130, 1, 38, 97, 39, 40, 37, 45, 44, 4, 42, 43, 105, 57, 58, 6, 5, 29, 28, 26, 59, 55, 54, 104, 98, 50, 52, 1, 25, 23, 24, 91, 90, 15, 89, 16, 93, 30, 94, 95, 46, 41, 1, 47, 18, 19, 72, 67, 119, 33, 35, 63, 2, 51, 1, 74, 73, 75, 49, 76, 60, 53, 61, 62, 36, 1, 1, 92, 27, 1, 134, 79, 80, 64, 106, 1, 69, 71, 70, 1, 86, 85, 87, 32, 1, 22, 17, 9, 10, 8, 3, 83, 66, 117, 1, 1, 1, 1, 14, 82, 133, 1, 114, 127, 128, 123, 112, 124, 125, 1, 20, 118, 132, 107, 1, 126, 1] 
execTime:0.062[s] 
Length: 2124.0930900852873
Length: 
sty 30, 2024 9:52:31 PM App main
SEVERE: [RESULT] [ F-n135-k7.vrp] bestTour: [1, 24, 60, 61, 62, 78, 77, 135, 33, 67, 48, 58, 38, 97, 39, 9, 10, 11, 8, 7, 45, 44, 41, 57, 55, 56, 102, 1, 76, 53, 52, 51, 74, 26, 29, 1, 65, 92, 22, 28, 25, 23, 75, 79, 134, 68, 101, 99, 100, 98, 13, 12, 15, 1, 91, 30, 59, 2, 32, 1, 3, 6, 5, 4, 42, 43, 93, 35, 49, 63, 50, 40, 80, 64, 17, 14, 16, 89, 105, 1, 27, 1, 83, 21, 37, 103, 54, 104, 106, 1, 18, 19, 72, 47, 119, 88, 94, 95, 46, 1, 73, 1, 81, 34, 1, 90, 36, 1, 1, 113, 129, 130, 114, 127, 112, 126, 125, 1, 87, 85, 86, 84, 20, 1, 109, 108, 107, 117, 1, 1, 120, 128, 111, 124, 123, 1] 
execTime:0.063[s] 
Length: 1843.8124862597535
Length: 
sty 30, 2024 9:52:34 PM App main
SEVERE: [RESULT] [ F-n135-k7.vrp] bestTour: [1, 76, 58, 51, 53, 52, 54, 50, 2, 55, 56, 37, 100, 38, 1, 73, 48, 135, 77, 74, 75, 25, 23, 22, 24, 94, 95, 62, 106, 59, 1, 39, 40, 93, 17, 16, 14, 89, 15, 12, 91, 29, 27, 26, 10, 7, 9, 3, 44, 45, 97, 99, 101, 98, 105, 102, 1, 79, 72, 18, 47, 119, 20, 81, 1, 65, 78, 67, 19, 127, 124, 123, 125, 129, 130, 128, 1, 103, 46, 36, 104, 57, 21, 83, 1, 92, 33, 63, 60, 61, 32, 1, 64, 80, 35, 49, 69, 43, 42, 1, 1, 90, 6, 5, 11, 13, 28, 30, 1, 34, 71, 70, 4, 8, 41, 1, 1, 1, 1, 1, 1, 133, 82, 126, 1, 121, 118, 1, 84, 85, 86, 87, 120, 1, 132, 1] 
execTime:0.085[s] 
Length: 1994.8445026324234
Length: 
sty 30, 2024 9:52:39 PM App main
SEVERE: [RESULT] [ F-n135-k7.vrp] bestTour: [1, 18, 19, 23, 25, 24, 92, 126, 112, 125, 124, 127, 113, 128, 129, 1, 28, 59, 49, 50, 65, 78, 77, 135, 33, 2, 76, 58, 106, 102, 104, 56, 52, 1, 99, 98, 101, 100, 37, 36, 1, 94, 95, 17, 16, 15, 89, 14, 13, 11, 6, 10, 3, 27, 93, 38, 32, 1, 79, 45, 44, 42, 68, 64, 80, 48, 103, 54, 40, 4, 85, 86, 87, 26, 22, 73, 1, 53, 30, 57, 55, 105, 51, 63, 5, 7, 9, 8, 12, 43, 1, 75, 62, 29, 1, 72, 67, 47, 119, 74, 61, 60, 39, 1, 1, 46, 41, 1, 83, 21, 91, 90, 1, 1, 71, 70, 34, 81, 1, 134, 121, 1, 1, 88, 97, 1, 35, 115, 108, 1, 1, 1, 1, 1, 20, 1] 
execTime:0.063[s] 
Length: 1940.5793368156342
Length: 
sty 30, 2024 9:52:43 PM App main
SEVERE: [RESULT] [ F-n135-k7.vrp] bestTour: [1, 25, 23, 92, 22, 44, 45, 43, 38, 99, 101, 98, 54, 105, 57, 55, 102, 104, 103, 37, 36, 100, 27, 60, 2, 76, 90, 30, 1, 62, 63, 51, 52, 53, 50, 49, 77, 65, 73, 48, 1, 134, 15, 89, 16, 14, 6, 5, 11, 3, 10, 9, 7, 95, 94, 42, 4, 41, 40, 1, 119, 47, 19, 18, 67, 72, 59, 106, 56, 39, 1, 74, 33, 35, 32, 28, 87, 85, 86, 81, 34, 1, 79, 78, 75, 64, 29, 93, 8, 12, 13, 58, 46, 1, 26, 1, 61, 17, 91, 1, 83, 21, 24, 1, 131, 20, 88, 1, 80, 69, 70, 71, 113, 125, 111, 126, 127, 129, 1, 1, 118, 112, 123, 124, 128, 130, 114, 1, 1, 68, 97, 1, 135, 1, 120, 1] 
execTime:0.047[s] 
Length: 1658.8105600642978
Length: 
sty 30, 2024 9:54:00 PM App main
SEVERE: [RESULT] [ F-n135-k7.vrp] bestTour: [1, 50, 63, 51, 52, 53, 104, 106, 95, 94, 55, 56, 54, 102, 37, 36, 103, 105, 99, 1, 91, 90, 29, 28, 26, 27, 32, 60, 61, 76, 65, 77, 75, 49, 33, 78, 24, 25, 23, 59, 1, 22, 72, 67, 12, 14, 15, 89, 16, 9, 5, 8, 6, 7, 4, 20, 38, 39, 44, 45, 1, 74, 13, 58, 62, 2, 1, 93, 17, 10, 134, 101, 100, 57, 46, 41, 1, 73, 48, 30, 135, 97, 40, 1, 11, 3, 42, 43, 98, 85, 86, 87, 119, 47, 18, 19, 122, 1, 83, 21, 88, 1, 1, 66, 131, 70, 71, 123, 125, 124, 126, 112, 113, 127, 1, 64, 80, 81, 34, 1, 35, 68, 1, 92, 1, 79, 120, 117, 132, 118, 1, 1, 1, 130, 129, 1] 
execTime:0.069[s] 
Length: 1978.1400906197014
Length: 
sty 30, 2024 9:59:29 PM App main
SEVERE: [RESULT] [ F-n135-k7.vrp] bestTour: [1, 104, 57, 103, 105, 48, 24, 25, 23, 22, 92, 2, 52, 1, 49, 50, 100, 37, 99, 101, 98, 97, 39, 1, 77, 51, 53, 54, 46, 32, 60, 61, 62, 63, 40, 38, 1, 1, 74, 73, 45, 44, 43, 58, 106, 59, 30, 93, 135, 33, 102, 1, 27, 28, 29, 1, 75, 65, 78, 4, 42, 41, 1, 67, 47, 18, 7, 95, 94, 36, 91, 90, 17, 15, 16, 89, 12, 13, 11, 9, 5, 10, 6, 71, 70, 1, 79, 26, 80, 64, 68, 134, 119, 19, 72, 1, 35, 76, 56, 55, 1, 8, 84, 85, 86, 21, 1, 88, 87, 1, 120, 20, 34, 81, 1, 1, 83, 113, 126, 112, 127, 125, 124, 123, 1, 3, 1, 109, 108, 107, 1, 14, 1, 131, 117, 1] 
execTime:0.111[s] 
Length: 2103.12985297984
Length: 
sty 30, 2024 9:59:37 PM App main
SEVERE: [RESULT] [ F-n135-k7.vrp] bestTour: [1, 73, 51, 52, 53, 37, 42, 3, 6, 12, 13, 97, 99, 40, 39, 38, 100, 98, 1, 76, 2, 62, 25, 23, 24, 27, 61, 1, 60, 54, 103, 55, 102, 57, 58, 104, 56, 32, 8, 43, 44, 45, 41, 4, 46, 94, 95, 22, 29, 28, 26, 91, 36, 101, 63, 21, 1, 131, 20, 72, 18, 19, 1, 65, 78, 77, 135, 74, 48, 50, 35, 106, 59, 1, 67, 90, 15, 16, 14, 11, 5, 33, 75, 64, 71, 70, 113, 112, 125, 1, 123, 124, 111, 127, 126, 130, 114, 1, 119, 47, 133, 1, 92, 49, 134, 1, 69, 34, 81, 17, 93, 1, 66, 115, 116, 79, 80, 7, 10, 9, 89, 1, 1, 1, 88, 83, 86, 85, 87, 1, 30, 1, 1, 68, 118, 1] 
execTime:0.075[s] 
Length: 1999.529143156932
Length: 
sty 30, 2024 9:59:41 PM App main
SEVERE: [RESULT] [ F-n135-k7.vrp] bestTour: [1, 92, 74, 75, 48, 134, 78, 65, 33, 135, 77, 76, 2, 54, 103, 102, 56, 104, 105, 41, 1, 72, 18, 19, 26, 60, 28, 14, 13, 7, 11, 29, 45, 44, 42, 43, 38, 36, 101, 99, 37, 100, 55, 57, 58, 97, 1, 79, 68, 35, 22, 25, 23, 24, 30, 15, 16, 89, 1, 52, 53, 51, 106, 98, 39, 40, 63, 49, 61, 59, 12, 9, 10, 5, 6, 1, 34, 81, 69, 1, 130, 129, 127, 126, 112, 111, 123, 125, 124, 1, 20, 46, 62, 80, 64, 32, 1, 66, 50, 94, 95, 1, 91, 90, 17, 27, 88, 3, 87, 86, 85, 1, 67, 83, 21, 47, 119, 118, 1, 73, 1, 8, 4, 1, 1, 1, 1, 93, 1, 82, 133, 1, 1, 121, 128, 1] 
execTime:0.065[s] 
Length: 1955.6852967950101
Length: 
sty 30, 2024 9:59:48 PM App main
SEVERE: [RESULT] [ F-n135-k7.vrp] bestTour: [1, 33, 135, 65, 78, 59, 56, 57, 2, 24, 25, 23, 26, 102, 101, 100, 99, 97, 35, 76, 62, 53, 51, 52, 1, 5, 6, 10, 11, 7, 9, 12, 88, 90, 91, 28, 29, 30, 93, 48, 98, 37, 4, 1, 61, 60, 72, 67, 64, 80, 68, 79, 95, 94, 46, 40, 1, 74, 73, 104, 103, 54, 105, 50, 49, 75, 77, 63, 1, 119, 47, 21, 32, 1, 18, 19, 39, 45, 44, 42, 41, 1, 1, 1, 22, 92, 14, 89, 15, 16, 13, 17, 1, 106, 58, 38, 1, 1, 27, 55, 8, 3, 36, 1, 83, 20, 87, 86, 85, 1, 1, 70, 71, 124, 112, 126, 113, 128, 130, 1, 43, 1, 1, 114, 129, 127, 125, 123, 111, 1, 34, 81, 131, 1, 1, 1] 
execTime:0.052[s] 
Length: 1591.0655106367633
Length: 
sty 30, 2024 9:59:52 PM App main
SEVERE: [RESULT] [ F-n135-k7.vrp] bestTour: [1, 39, 41, 1, 26, 27, 50, 49, 51, 52, 53, 56, 14, 16, 15, 89, 10, 7, 1, 128, 129, 124, 112, 111, 113, 127, 123, 125, 1, 54, 57, 58, 32, 2, 75, 65, 78, 77, 35, 110, 28, 30, 29, 91, 90, 25, 23, 24, 62, 61, 60, 63, 100, 37, 33, 1, 22, 47, 119, 93, 88, 92, 38, 94, 95, 55, 105, 46, 17, 13, 12, 9, 5, 6, 40, 97, 98, 106, 103, 104, 102, 99, 1, 135, 48, 73, 74, 70, 71, 120, 131, 130, 1, 83, 21, 43, 36, 101, 1, 79, 76, 1, 20, 67, 18, 19, 72, 59, 1, 80, 64, 45, 44, 4, 42, 1, 1, 85, 86, 87, 11, 3, 1, 68, 134, 34, 1, 1, 115, 116, 117, 1, 1, 1, 1, 1] 
execTime:0.047[s] 
Length: 2080.484760274031
Length: 
sty 30, 2024 10:00:57 PM App main
SEVERE: [RESULT] [ F-n135-k7.vrp] bestTour: [1, 1, 65, 78, 48, 73, 74, 134, 68, 37, 36, 100, 99, 38, 42, 41, 45, 44, 4, 43, 106, 59, 1, 24, 25, 23, 92, 26, 52, 53, 57, 104, 102, 103, 54, 55, 101, 98, 97, 39, 1, 47, 119, 72, 13, 12, 11, 10, 6, 7, 9, 5, 46, 40, 3, 1, 61, 60, 32, 30, 29, 35, 56, 58, 51, 50, 79, 80, 22, 18, 19, 67, 135, 8, 64, 17, 90, 91, 93, 1, 75, 33, 63, 2, 76, 77, 49, 105, 1, 1, 14, 16, 89, 15, 86, 85, 87, 28, 27, 1, 66, 62, 94, 95, 1, 1, 131, 82, 1, 83, 21, 88, 1, 129, 128, 125, 112, 126, 111, 124, 123, 113, 1, 1, 120, 110, 122, 130, 114, 127, 1, 20, 132, 117, 118, 1] 
execTime:0.069[s] 
Length: 1834.74918765646
Length: 
sty 30, 2024 10:04:43 PM App main
SEVERE: [RESULT] [ F-n135-k7.vrp] bestTour: [1, 68, 34, 1, 92, 23, 25, 57, 58, 55, 56, 97, 100, 99, 37, 41, 101, 36, 16, 15, 89, 30, 106, 104, 103, 102, 50, 35, 1, 27, 28, 14, 45, 44, 54, 1, 74, 75, 77, 135, 76, 63, 51, 53, 52, 87, 86, 85, 82, 1, 73, 48, 2, 49, 33, 32, 29, 94, 95, 59, 98, 21, 24, 22, 26, 60, 61, 62, 65, 78, 38, 105, 1, 17, 118, 117, 132, 4, 6, 5, 93, 90, 91, 88, 7, 1, 72, 19, 18, 67, 79, 134, 47, 119, 130, 128, 1, 83, 46, 40, 39, 1, 1, 1, 42, 43, 9, 10, 8, 1, 107, 122, 126, 113, 124, 125, 127, 129, 1, 1, 1, 123, 111, 112, 114, 1, 64, 80, 1, 81, 70, 71, 66, 131, 69, 1] 
execTime:0.063[s] 
Length: 2212.87043847501
Length: 
sty 30, 2024 10:04:48 PM App main
SEVERE: [RESULT] [ F-n135-k7.vrp] bestTour: [1, 11, 46, 98, 100, 101, 99, 102, 105, 106, 58, 26, 24, 23, 25, 1, 74, 32, 89, 15, 16, 14, 70, 71, 68, 134, 33, 135, 77, 75, 78, 65, 17, 51, 55, 95, 94, 39, 56, 1, 73, 60, 61, 49, 2, 50, 59, 1, 79, 64, 43, 42, 45, 44, 41, 40, 97, 1, 92, 22, 28, 93, 53, 52, 72, 67, 19, 18, 1, 47, 119, 63, 35, 37, 57, 104, 54, 103, 36, 38, 1, 29, 30, 7, 5, 6, 8, 90, 91, 3, 10, 9, 13, 12, 131, 66, 1, 20, 21, 87, 85, 86, 84, 76, 1, 27, 1, 48, 62, 1, 126, 112, 127, 128, 124, 125, 111, 113, 123, 1, 122, 129, 130, 114, 1, 83, 69, 34, 1, 1, 1, 88, 4, 1, 1, 1] 
execTime:0.05[s] 
Length: 1687.494540523193
Length: 
sty 30, 2024 10:04:52 PM App main
SEVERE: [RESULT] [ F-n135-k7.vrp] bestTour: [1, 47, 119, 19, 18, 63, 53, 52, 51, 57, 58, 56, 103, 101, 45, 44, 1, 129, 128, 125, 124, 123, 112, 126, 113, 130, 1, 26, 22, 106, 98, 100, 37, 99, 39, 40, 104, 102, 36, 38, 97, 95, 94, 46, 42, 10, 9, 6, 5, 11, 13, 16, 15, 89, 1, 17, 81, 34, 79, 33, 2, 92, 30, 28, 1, 73, 24, 25, 23, 27, 54, 105, 4, 43, 41, 71, 70, 115, 1, 48, 65, 135, 77, 78, 35, 49, 76, 80, 64, 50, 1, 29, 1, 60, 61, 32, 1, 75, 62, 55, 59, 91, 90, 14, 1, 7, 8, 12, 3, 1, 72, 67, 1, 108, 109, 107, 1, 83, 21, 74, 134, 68, 1, 1, 93, 1, 127, 111, 114, 1, 1, 118, 132, 117, 110, 1] 
execTime:0.069[s] 
Length: 2130.8993305777976
Length: 
sty 30, 2024 10:21:15 PM App main
SEVERE: [RESULT] [ F-n135-k7.vrp] bestTour: [1, 76, 2, 33, 25, 23, 24, 27, 47, 119, 18, 19, 32, 26, 3, 40, 97, 98, 56, 55, 102, 1, 105, 99, 101, 100, 51, 53, 52, 78, 65, 64, 80, 35, 49, 63, 61, 74, 92, 12, 1, 73, 57, 104, 54, 106, 58, 103, 95, 38, 37, 36, 1, 67, 15, 89, 16, 14, 17, 91, 90, 88, 13, 41, 39, 44, 45, 46, 11, 9, 7, 6, 5, 10, 1, 135, 77, 48, 62, 1, 79, 75, 60, 30, 1, 21, 83, 72, 81, 1, 22, 28, 29, 1, 1, 128, 124, 125, 112, 113, 126, 127, 111, 123, 1, 86, 85, 87, 59, 1, 50, 94, 1, 69, 71, 70, 1, 134, 68, 20, 93, 120, 118, 1, 4, 42, 43, 1, 1, 1, 8, 1, 1, 109, 108, 1] 
execTime:0.069[s] 
Length: 1978.7166645404302
Length: 
sty 30, 2024 10:21:19 PM App main
SEVERE: [RESULT] [ F-n135-k7.vrp] bestTour: [1, 51, 101, 99, 98, 100, 58, 105, 104, 57, 46, 40, 39, 97, 41, 44, 45, 43, 42, 4, 95, 94, 3, 1, 72, 119, 47, 18, 48, 75, 77, 78, 65, 1, 10, 9, 20, 79, 67, 35, 63, 50, 49, 76, 135, 37, 1, 24, 25, 23, 28, 27, 61, 60, 92, 90, 88, 73, 33, 29, 1, 62, 2, 80, 64, 32, 1, 16, 89, 15, 91, 30, 7, 11, 13, 12, 8, 6, 5, 14, 26, 1, 74, 132, 117, 118, 1, 22, 21, 87, 85, 86, 17, 52, 53, 54, 36, 1, 19, 134, 68, 129, 130, 114, 128, 1, 56, 55, 38, 1, 103, 102, 124, 112, 126, 127, 125, 113, 111, 123, 1, 106, 59, 84, 1, 34, 81, 69, 1, 83, 93, 1, 82, 133, 120, 1] 
execTime:0.031[s] 
Length: 1938.602721880777
Length: 
sty 30, 2024 10:40:34 PM App main
SEVERE: [RESULT] [ F-n135-k7.vrp] bestTour: [1, 74, 25, 23, 24, 29, 28, 39, 97, 94, 95, 1, 101, 99, 100, 36, 37, 98, 102, 105, 56, 106, 3, 14, 15, 16, 89, 90, 91, 17, 6, 1, 65, 78, 50, 52, 53, 55, 59, 58, 57, 104, 103, 54, 48, 1, 21, 75, 22, 92, 63, 1, 62, 61, 26, 70, 71, 68, 80, 64, 76, 2, 49, 135, 77, 47, 119, 18, 1, 129, 114, 113, 126, 112, 125, 124, 1, 73, 42, 43, 1, 27, 72, 67, 34, 1, 1, 32, 1, 10, 9, 8, 44, 45, 41, 1, 88, 13, 12, 11, 5, 1, 60, 30, 38, 1, 33, 35, 51, 79, 19, 93, 4, 40, 46, 1, 1, 1, 83, 134, 81, 1, 20, 120, 117, 132, 122, 128, 127, 1, 1, 1, 1, 85, 86, 1] 
execTime:0.177[s] 
Length: 1680.551758737175
Length: 
sty 30, 2024 10:40:44 PM App main
SEVERE: [RESULT] [ F-n135-k7.vrp] bestTour: [1, 32, 119, 47, 73, 74, 48, 23, 25, 78, 65, 33, 2, 135, 35, 103, 46, 99, 101, 105, 102, 54, 55, 57, 1, 92, 24, 62, 106, 26, 22, 84, 85, 86, 1, 75, 104, 56, 52, 53, 51, 59, 58, 37, 100, 36, 97, 39, 94, 95, 1, 77, 80, 64, 72, 18, 19, 70, 71, 69, 68, 134, 1, 21, 40, 43, 42, 93, 3, 61, 123, 125, 127, 112, 113, 126, 1, 5, 44, 45, 1, 27, 60, 1, 4, 41, 11, 13, 12, 9, 10, 7, 6, 8, 89, 16, 15, 17, 90, 91, 14, 28, 1, 49, 50, 63, 29, 30, 1, 67, 79, 81, 34, 1, 1, 76, 38, 1, 1, 20, 131, 120, 82, 1, 1, 1, 88, 1, 83, 1, 1, 98, 1, 1, 1, 1] 
execTime:0.082[s] 
Length: 1519.1738875701049
Length: 
sty 30, 2024 10:40:51 PM App main
SEVERE: [RESULT] [ F-n135-k7.vrp] bestTour: [1, 19, 53, 52, 57, 55, 56, 58, 104, 105, 101, 98, 99, 100, 37, 36, 102, 97, 103, 51, 2, 76, 1, 30, 95, 94, 45, 44, 42, 10, 9, 7, 3, 43, 4, 41, 17, 14, 12, 29, 28, 106, 46, 40, 1, 35, 77, 135, 33, 50, 63, 61, 60, 11, 13, 5, 15, 89, 16, 8, 6, 72, 18, 67, 134, 1, 119, 75, 73, 23, 25, 24, 92, 39, 93, 1, 68, 49, 59, 91, 90, 1, 22, 26, 32, 1, 74, 65, 78, 1, 83, 84, 86, 1, 64, 79, 80, 48, 127, 111, 123, 125, 124, 126, 112, 1, 21, 38, 1, 62, 54, 1, 47, 27, 1, 1, 1, 66, 117, 132, 116, 129, 1, 69, 34, 81, 1, 20, 130, 114, 128, 113, 1, 1, 1, 1] 
execTime:0.091[s] 
Length: 1696.0048446660987
Length: 
sty 30, 2024 10:41:16 PM App main
SEVERE: [RESULT] [ F-n135-k7.vrp] bestTour: [1, 11, 12, 13, 89, 15, 16, 14, 17, 91, 90, 88, 21, 83, 47, 119, 19, 18, 1, 92, 22, 26, 27, 28, 29, 32, 59, 58, 57, 104, 56, 55, 54, 103, 105, 102, 101, 99, 100, 37, 36, 38, 41, 45, 44, 43, 42, 4, 1, 74, 73, 48, 76, 2, 49, 33, 135, 77, 78, 65, 79, 64, 80, 1, 25, 23, 24, 60, 61, 62, 63, 51, 52, 53, 50, 35, 75, 1, 134, 68, 70, 71, 69, 81, 1, 67, 72, 20, 66, 131, 120, 118, 1, 117, 132, 111, 124, 123, 125, 127, 1, 128, 129, 130, 114, 113, 126, 112, 1, 106, 98, 97, 39, 40, 46, 95, 94, 30, 93, 8, 7, 9, 10, 5, 6, 3, 1, 84, 87, 85, 86, 1, 34, 82, 1, 1] 
execTime:4.816[s] 
Length: 1322.1729552169045
Length: 
sty 30, 2024 10:41:32 PM App main
SEVERE: [RESULT] [ F-n135-k7.vrp] bestTour: [1, 23, 25, 24, 73, 74, 75, 48, 76, 2, 49, 50, 51, 1, 92, 22, 26, 27, 28, 29, 32, 60, 61, 62, 63, 53, 52, 54, 103, 102, 105, 104, 56, 55, 58, 106, 1, 47, 119, 67, 72, 18, 19, 20, 1, 35, 33, 135, 77, 78, 65, 79, 64, 80, 68, 134, 69, 81, 1, 5, 6, 7, 10, 9, 8, 12, 13, 11, 3, 89, 15, 16, 14, 17, 90, 88, 91, 93, 30, 94, 95, 46, 40, 39, 97, 98, 99, 100, 1, 21, 83, 86, 85, 87, 1, 37, 36, 101, 38, 41, 4, 42, 43, 45, 44, 57, 59, 1, 66, 131, 120, 118, 132, 117, 1, 34, 82, 1, 112, 126, 113, 127, 125, 124, 123, 111, 129, 1, 114, 130, 122, 128, 71, 70, 1, 1] 
execTime:4.895[s] 
Length: 1317.3869132754737
Length: 
sty 30, 2024 11:01:45 PM App main
SEVERE: [RESULT] [ F-n135-k7.vrp] bestTour: [1, 25, 23, 26, 27, 28, 29, 32, 59, 58, 57, 56, 55, 53, 52, 51, 63, 62, 50, 1, 73, 48, 65, 78, 77, 75, 74, 79, 64, 80, 68, 134, 1, 67, 72, 18, 19, 119, 47, 21, 83, 92, 1, 46, 40, 39, 97, 98, 99, 101, 100, 37, 36, 54, 104, 105, 102, 103, 38, 89, 15, 16, 14, 17, 91, 90, 88, 93, 30, 95, 94, 106, 1, 22, 24, 60, 61, 2, 76, 49, 33, 135, 35, 3, 5, 6, 7, 8, 9, 10, 11, 13, 12, 1, 125, 124, 123, 111, 112, 126, 113, 127, 128, 1, 44, 45, 42, 43, 4, 41, 1, 130, 129, 114, 122, 70, 71, 1, 69, 34, 81, 1, 20, 131, 120, 118, 117, 132, 1, 87, 86, 85, 84, 66, 1, 1] 
execTime:4.765[s] 
Length: 1318.4586305770436
Length: 
sty 30, 2024 11:09:38 PM App main
SEVERE: [RESULT] [ F-n135-k7.vrp] bestTour: [1, 24, 134, 36, 37, 100, 104, 54, 56, 55, 103, 101, 99, 45, 44, 14, 16, 15, 89, 42, 38, 1, 135, 77, 65, 78, 23, 25, 74, 29, 93, 94, 11, 91, 8, 12, 39, 97, 51, 52, 53, 59, 58, 102, 57, 105, 98, 106, 1, 68, 33, 49, 95, 46, 50, 64, 80, 40, 1, 73, 48, 47, 119, 72, 67, 35, 76, 61, 32, 1, 22, 92, 27, 28, 30, 20, 131, 21, 83, 1, 60, 62, 2, 63, 13, 10, 9, 7, 43, 4, 41, 1, 75, 79, 3, 17, 85, 86, 87, 19, 18, 81, 1, 26, 70, 71, 1, 1, 1, 130, 129, 113, 126, 112, 111, 125, 127, 128, 123, 1, 1, 66, 133, 82, 1, 6, 5, 1, 90, 88, 1, 1, 1, 1, 1, 1] 
execTime:0.176[s] 
Length: 1617.938293752276
Length: 
sty 30, 2024 11:10:08 PM App main
SEVERE: [RESULT] [ F-n135-k7.vrp] bestTour: [1, 33, 2, 49, 50, 63, 51, 52, 53, 55, 56, 57, 45, 44, 40, 43, 1, 106, 98, 99, 101, 103, 102, 105, 104, 54, 97, 62, 60, 61, 6, 8, 58, 59, 48, 79, 65, 77, 135, 76, 1, 22, 92, 25, 23, 24, 19, 18, 1, 36, 100, 4, 42, 41, 39, 94, 95, 46, 67, 74, 73, 1, 32, 1, 27, 35, 78, 75, 64, 80, 38, 1, 93, 16, 15, 89, 12, 13, 11, 9, 5, 10, 3, 30, 1, 71, 70, 111, 127, 112, 123, 124, 125, 126, 113, 1, 26, 90, 91, 28, 29, 1, 1, 119, 47, 131, 20, 134, 68, 1, 1, 72, 7, 17, 14, 88, 86, 85, 87, 129, 1, 83, 21, 1, 114, 130, 128, 82, 1, 1, 37, 1, 1, 1, 1, 1] 
execTime:0.154[s] 
Length: 1543.907366729839
Length: 
sty 30, 2024 11:11:50 PM App main
SEVERE: [RESULT] [ F-n135-k7.vrp] bestTour: [1, 23, 25, 92, 22, 26, 27, 28, 29, 91, 90, 17, 14, 16, 15, 89, 8, 12, 13, 11, 3, 5, 6, 9, 10, 7, 98, 1, 73, 74, 75, 48, 76, 2, 49, 35, 33, 135, 77, 78, 65, 79, 64, 80, 1, 119, 47, 67, 72, 19, 18, 66, 1, 21, 83, 71, 70, 82, 1, 20, 131, 120, 118, 132, 117, 1, 104, 54, 103, 105, 102, 106, 57, 56, 55, 58, 94, 95, 46, 38, 97, 40, 39, 42, 43, 44, 45, 101, 99, 100, 37, 36, 51, 52, 1, 24, 61, 60, 32, 62, 63, 53, 88, 93, 30, 1, 69, 34, 81, 1, 134, 68, 125, 124, 123, 129, 128, 127, 113, 126, 1, 84, 85, 86, 87, 50, 59, 4, 41, 1, 130, 114, 112, 111, 1, 1] 
execTime:0.57[s] 
Length: 1453.6032370189341
Length: 
sty 30, 2024 11:12:03 PM App main
SEVERE: [RESULT] [ F-n135-k7.vrp] bestTour: [1, 47, 119, 18, 19, 72, 67, 75, 135, 33, 77, 78, 1, 50, 62, 63, 51, 52, 53, 54, 103, 39, 40, 46, 44, 45, 41, 4, 42, 43, 6, 10, 9, 12, 1, 24, 23, 25, 74, 73, 48, 76, 2, 49, 59, 105, 104, 56, 57, 58, 106, 1, 92, 22, 93, 30, 95, 94, 99, 100, 37, 36, 97, 98, 38, 15, 89, 16, 14, 17, 90, 91, 3, 5, 7, 8, 13, 11, 101, 102, 55, 32, 29, 1, 60, 61, 26, 27, 28, 1, 21, 83, 35, 65, 64, 80, 79, 134, 68, 69, 70, 71, 1, 20, 66, 131, 120, 34, 1, 81, 117, 132, 118, 123, 1, 113, 126, 112, 111, 124, 125, 127, 128, 129, 1, 88, 84, 87, 86, 85, 1, 133, 82, 1, 1, 1] 
execTime:1.377[s] 
Length: 1394.9489482846666
Length: 
sty 30, 2024 11:12:10 PM App main
SEVERE: [RESULT] [ F-n135-k7.vrp] bestTour: [1, 47, 119, 19, 18, 72, 67, 76, 2, 49, 35, 1, 29, 27, 28, 30, 94, 95, 46, 40, 39, 97, 38, 41, 4, 43, 42, 45, 44, 36, 37, 100, 99, 98, 101, 105, 103, 54, 56, 104, 1, 73, 24, 23, 25, 92, 22, 26, 60, 61, 62, 53, 52, 51, 63, 50, 33, 135, 77, 78, 65, 1, 48, 75, 74, 106, 58, 57, 59, 1, 21, 83, 20, 66, 131, 120, 118, 1, 88, 93, 91, 90, 17, 14, 16, 15, 89, 3, 5, 6, 7, 9, 10, 13, 12, 11, 8, 102, 55, 1, 34, 81, 69, 1, 79, 80, 64, 68, 134, 71, 70, 1, 32, 1, 130, 129, 127, 125, 124, 123, 111, 112, 126, 1, 122, 113, 114, 128, 117, 1, 85, 86, 87, 84, 1, 1] 
execTime:1.341[s] 
Length: 1344.3661145934614
Length: 
sty 30, 2024 11:14:52 PM App main
SEVERE: [RESULT] [ F-n135-k7.vrp] bestTour: [1, 119, 47, 18, 19, 72, 67, 74, 73, 48, 1, 83, 21, 88, 90, 91, 93, 30, 95, 94, 3, 5, 6, 7, 9, 10, 11, 8, 4, 42, 43, 45, 44, 41, 1, 23, 25, 24, 92, 22, 26, 27, 28, 29, 32, 60, 61, 62, 63, 51, 52, 53, 50, 1, 69, 81, 34, 134, 1, 39, 40, 46, 38, 97, 98, 101, 99, 100, 37, 36, 102, 103, 54, 55, 56, 57, 104, 105, 106, 58, 59, 1, 66, 131, 20, 87, 85, 86, 1, 64, 80, 68, 79, 78, 65, 77, 135, 33, 49, 35, 76, 2, 1, 82, 133, 1, 128, 127, 113, 126, 112, 111, 123, 124, 125, 1, 71, 70, 114, 130, 129, 122, 118, 117, 1, 17, 14, 16, 15, 89, 12, 13, 1, 75, 1, 1] 
execTime:5.794[s] 
Length: 1303.8329144429615
Length: 
sty 30, 2024 11:15:03 PM App main
SEVERE: [RESULT] [ F-n135-k7.vrp] bestTour: [1, 73, 74, 75, 77, 135, 33, 35, 65, 78, 48, 76, 2, 49, 50, 1, 47, 119, 19, 18, 72, 67, 134, 68, 80, 64, 1, 23, 25, 24, 26, 22, 92, 60, 61, 62, 63, 53, 52, 51, 54, 103, 105, 104, 57, 58, 56, 55, 1, 98, 101, 100, 37, 36, 102, 38, 41, 44, 45, 43, 42, 4, 3, 5, 6, 7, 8, 9, 10, 11, 13, 12, 89, 15, 16, 14, 1, 39, 97, 99, 40, 46, 95, 94, 30, 93, 91, 90, 17, 87, 86, 85, 1, 83, 21, 88, 1, 59, 106, 32, 29, 28, 27, 84, 66, 1, 79, 70, 71, 69, 81, 1, 20, 131, 120, 118, 117, 132, 1, 34, 82, 1, 111, 112, 126, 130, 127, 125, 124, 123, 125, 128, 129, 130, 114, 1] 
execTime:6.015[s] 
Length: 1273.4321076007373
Length: 
sty 30, 2024 11:15:43 PM App main
SEVERE: [RESULT] [ F-n135-k7.vrp] bestTour: [1, 25, 23, 24, 92, 22, 26, 27, 28, 29, 32, 60, 61, 62, 63, 50, 35, 49, 2, 76, 1, 73, 74, 75, 77, 135, 33, 65, 78, 79, 64, 80, 68, 134, 67, 1, 48, 43, 42, 4, 41, 44, 45, 38, 39, 40, 46, 94, 95, 30, 93, 91, 90, 17, 14, 16, 15, 89, 12, 13, 11, 1, 83, 21, 47, 119, 18, 19, 72, 1, 81, 34, 69, 1, 52, 53, 51, 54, 103, 102, 105, 104, 57, 56, 55, 59, 58, 106, 98, 99, 101, 100, 37, 36, 1, 97, 3, 5, 6, 10, 9, 7, 8, 88, 87, 86, 85, 1, 71, 70, 114, 130, 129, 128, 127, 125, 124, 128, 20, 131, 120, 118, 132, 117, 1, 84, 66, 82, 117, 113, 126, 112, 111, 123, 122, 1] 
execTime:14.831[s] 
Length: 1270.5483218385598
Length: 
sty 30, 2024 11:17:33 PM App main
SEVERE: [RESULT] [ F-n135-k7.vrp] bestTour: [1, 73, 74, 75, 65, 78, 77, 135, 33, 35, 50, 49, 2, 76, 48, 1, 94, 95, 46, 40, 39, 97, 98, 99, 101, 100, 37, 36, 102, 105, 103, 54, 56, 55, 106, 58, 57, 104, 52, 1, 24, 25, 23, 92, 22, 26, 27, 28, 29, 32, 60, 61, 62, 63, 53, 51, 59, 30, 93, 91, 90, 17, 14, 16, 15, 89, 1, 47, 119, 19, 18, 72, 67, 134, 68, 80, 64, 1, 87, 86, 85, 84, 21, 1, 34, 81, 69, 71, 1, 83, 20, 66, 131, 120, 118, 117, 1, 79, 43, 42, 4, 3, 5, 6, 7, 9, 10, 11, 13, 12, 8, 44, 45, 41, 38, 1, 127, 113, 126, 112, 111, 123, 124, 125, 128, 1, 88, 1, 130, 129, 114, 122, 70, 82, 1, 1] 
execTime:4.41[s] 
Length: 1320.8781724242012
sty 30, 2024 11:17:45 PM App main
SEVERE: [RESULT] [ F-n135-k7.vrp] bestTour: [1, 119, 47, 67, 72, 18, 19, 20, 1, 73, 74, 75, 65, 79, 64, 80, 68, 134, 1, 22, 92, 23, 25, 24, 60, 61, 62, 63, 50, 35, 33, 77, 135, 48, 76, 2, 49, 1, 30, 94, 95, 46, 40, 39, 97, 38, 43, 42, 4, 41, 44, 45, 98, 106, 58, 57, 104, 103, 54, 51, 1, 56, 55, 53, 52, 105, 102, 36, 37, 100, 99, 101, 3, 5, 6, 7, 9, 10, 11, 1, 21, 83, 87, 85, 86, 88, 90, 17, 14, 16, 15, 89, 12, 13, 8, 91, 93, 28, 29, 32, 59, 1, 69, 71, 70, 122, 130, 129, 128, 127, 125, 124, 1, 117, 132, 118, 120, 131, 66, 1, 81, 34, 82, 1, 114, 113, 126, 112, 111, 123, 1, 26, 27, 1, 78, 1] 
execTime:4.41[s] 
Length: 1297.603662952845
sty 30, 2024 11:18:45 PM App main
SEVERE: [RESULT] [ F-n135-k7.vrp] bestTour: [1, 134, 68, 64, 80, 35, 50, 63, 51, 52, 53, 55, 56, 58, 57, 1, 23, 25, 24, 73, 74, 75, 78, 65, 79, 135, 77, 33, 49, 2, 76, 1, 92, 22, 26, 27, 28, 29, 32, 60, 61, 62, 59, 36, 37, 100, 99, 98, 97, 39, 38, 40, 46, 95, 94, 30, 93, 91, 90, 17, 14, 16, 15, 89, 12, 13, 11, 10, 9, 7, 8, 1, 81, 34, 69, 1, 48, 41, 44, 45, 42, 43, 3, 5, 6, 4, 103, 54, 104, 105, 102, 1, 20, 83, 21, 88, 87, 85, 86, 1, 47, 119, 19, 18, 72, 67, 1, 66, 131, 120, 118, 117, 132, 1, 129, 130, 114, 122, 124, 123, 1, 126, 112, 113, 127, 128, 125, 111, 71, 70, 82, 1, 101, 106, 1, 1] 
execTime:4.263[s] 
Length: 1307.267207131488
sty 30, 2024 11:18:58 PM App main
SEVERE: [RESULT] [ F-n135-k7.vrp] bestTour: [1, 24, 25, 23, 92, 22, 26, 27, 28, 29, 30, 93, 91, 90, 17, 14, 16, 15, 89, 13, 12, 10, 9, 8, 7, 6, 5, 11, 3, 1, 67, 72, 18, 19, 119, 47, 83, 21, 83, 1, 73, 74, 75, 2, 49, 50, 51, 52, 53, 63, 62, 1, 81, 34, 134, 1, 48, 76, 59, 58, 57, 106, 98, 99, 101, 100, 37, 36, 38, 39, 40, 46, 94, 95, 105, 104, 54, 1, 20, 66, 131, 120, 118, 38, 1, 68, 80, 64, 79, 65, 78, 77, 135, 33, 35, 61, 60, 32, 1, 56, 55, 102, 103, 97, 45, 44, 43, 42, 4, 41, 1, 88, 86, 85, 84, 130, 129, 1, 125, 127, 113, 126, 112, 111, 124, 123, 129, 117, 114, 126, 122, 70, 71, 69, 1, 1] 
execTime:13.131[s] 
Length: 1290.3714584597583
sty 30, 2024 11:27:54 PM App main
SEVERE: [RESULT] [ F-n135-k7.vrp] bestTour: [1, 83, 21, 47, 119, 36, 99, 101, 100, 37, 38, 40, 39, 97, 98, 46, 95, 94, 30, 29, 1, 74, 73, 48, 75, 65, 78, 77, 135, 33, 49, 35, 50, 51, 52, 1, 23, 25, 24, 92, 22, 26, 27, 28, 91, 90, 93, 9, 10, 6, 5, 104, 57, 56, 55, 105, 102, 103, 54, 1, 80, 64, 79, 134, 68, 59, 58, 106, 32, 1, 72, 18, 19, 67, 1, 20, 131, 120, 118, 117, 132, 1, 81, 34, 69, 1, 63, 62, 61, 60, 53, 2, 76, 45, 44, 41, 4, 42, 43, 7, 8, 11, 3, 13, 12, 88, 1, 133, 82, 1, 16, 15, 89, 14, 17, 1, 84, 87, 85, 86, 1, 71, 70, 128, 127, 125, 124, 123, 112, 126, 113, 130, 129, 1, 1, 1] 
execTime:4.486[s] 
Length: 1297.7534350501571
sty 30, 2024 11:28:07 PM App main
SEVERE: [RESULT] [ F-n135-k7.vrp] bestTour: [1, 73, 74, 75, 77, 135, 33, 49, 2, 76, 48, 78, 65, 79, 64, 80, 1, 83, 21, 87, 85, 86, 1, 92, 22, 26, 27, 28, 29, 32, 59, 58, 55, 56, 104, 103, 54, 53, 52, 51, 63, 62, 61, 60, 24, 1, 47, 119, 19, 18, 72, 67, 134, 68, 1, 35, 50, 101, 99, 98, 36, 37, 100, 102, 105, 57, 106, 46, 40, 39, 97, 38, 45, 44, 41, 4, 42, 43, 1, 88, 90, 91, 93, 30, 94, 95, 3, 6, 5, 10, 9, 7, 8, 11, 13, 12, 89, 15, 16, 14, 17, 1, 23, 25, 84, 66, 1, 81, 34, 69, 1, 71, 70, 111, 123, 124, 125, 127, 113, 126, 112, 1, 20, 131, 120, 118, 132, 117, 1, 122, 128, 129, 130, 114, 1, 1] 
execTime:12.24[s] 
Length: 1285.5140739146789
sty 30, 2024 11:29:05 PM App main
SEVERE: [RESULT] [ F-n135-k7.vrp] bestTour: [1, 92, 22, 26, 27, 28, 29, 30, 94, 95, 46, 40, 39, 97, 98, 99, 100, 37, 36, 38, 41, 45, 44, 43, 42, 4, 3, 5, 1, 25, 23, 24, 73, 74, 75, 77, 78, 65, 79, 64, 80, 68, 134, 1, 86, 85, 87, 88, 90, 91, 17, 14, 16, 15, 89, 12, 13, 11, 10, 9, 7, 6, 8, 93, 58, 106, 104, 57, 56, 55, 54, 103, 105, 102, 101, 76, 1, 21, 83, 84, 1, 66, 131, 120, 118, 117, 132, 116, 1, 47, 119, 19, 18, 72, 67, 1, 48, 135, 33, 49, 50, 35, 2, 53, 52, 51, 63, 62, 1, 34, 81, 69, 71, 1, 61, 60, 32, 59, 70, 124, 125, 127, 113, 126, 112, 111, 1, 20, 114, 130, 129, 128, 123, 122, 1, 1] 
execTime:4.901[s] 
Length: 1302.7936498007168
sty 30, 2024 11:29:16 PM App main
SEVERE: [RESULT] [ F-n135-k7.vrp] bestTour: [1, 92, 22, 26, 27, 28, 29, 30, 94, 95, 46, 40, 39, 97, 98, 101, 99, 100, 37, 36, 38, 41, 44, 45, 43, 42, 4, 1, 75, 77, 135, 33, 49, 50, 35, 65, 78, 79, 64, 80, 1, 74, 73, 48, 76, 2, 62, 63, 53, 52, 51, 103, 54, 55, 56, 57, 104, 105, 1, 21, 83, 47, 119, 19, 18, 72, 67, 134, 1, 25, 23, 24, 60, 61, 59, 58, 106, 32, 93, 91, 90, 17, 14, 16, 15, 89, 12, 13, 11, 10, 9, 8, 7, 6, 5, 3, 1, 81, 34, 69, 1, 117, 132, 118, 120, 131, 66, 1, 128, 127, 125, 124, 123, 111, 112, 126, 113, 1, 71, 70, 122, 129, 130, 114, 82, 1, 20, 84, 87, 85, 86, 88, 1, 102, 1, 1] 
execTime:11.661[s] 
Length: 1243.4387158290026
sty 30, 2024 11:32:09 PM App main
SEVERE: [RESULT] [ F-n135-k7.vrp] bestTour: [1, 48, 76, 2, 49, 50, 63, 62, 61, 60, 32, 59, 58, 57, 56, 55, 104, 105, 102, 1, 67, 72, 18, 19, 119, 47, 24, 25, 23, 92, 22, 26, 27, 28, 1, 114, 130, 129, 128, 127, 113, 126, 125, 1, 75, 74, 77, 135, 33, 35, 65, 78, 79, 64, 80, 68, 134, 1, 29, 30, 95, 94, 106, 98, 101, 99, 100, 37, 36, 39, 40, 46, 41, 45, 44, 43, 42, 4, 8, 7, 10, 9, 6, 5, 1, 83, 21, 88, 90, 91, 93, 17, 14, 16, 15, 89, 12, 13, 11, 3, 38, 97, 1, 131, 120, 118, 117, 132, 116, 1, 51, 52, 53, 54, 103, 1, 81, 34, 69, 71, 1, 73, 1, 70, 122, 123, 124, 112, 111, 82, 1, 86, 85, 87, 84, 1] 
execTime:4.368[s] 
Length: 1325.1499945262833
sty 30, 2024 11:32:21 PM App main
SEVERE: [RESULT] [ F-n135-k7.vrp] bestTour: [1, 74, 73, 24, 25, 23, 92, 22, 26, 27, 28, 29, 32, 60, 61, 62, 63, 51, 53, 52, 50, 35, 54, 1, 126, 112, 111, 124, 123, 125, 127, 113, 130, 1, 18, 19, 72, 67, 119, 47, 83, 21, 88, 90, 1, 48, 76, 2, 49, 33, 135, 77, 65, 78, 79, 64, 80, 68, 134, 1, 87, 85, 86, 84, 66, 1, 75, 105, 102, 101, 100, 37, 36, 46, 95, 94, 30, 59, 58, 57, 56, 55, 103, 104, 106, 98, 99, 97, 39, 1, 69, 81, 34, 1, 20, 131, 120, 118, 132, 117, 1, 71, 70, 122, 129, 128, 114, 82, 1, 91, 93, 17, 14, 16, 15, 89, 12, 13, 11, 10, 9, 7, 6, 5, 3, 43, 42, 4, 41, 44, 45, 40, 38, 8, 1, 1] 
execTime:11.943[s] 
Length: 1276.7340521466185
sty 30, 2024 11:37:50 PM App main
SEVERE: [RESULT] [ F-n135-k7.vrp] bestTour: [1, 27, 28, 29, 31, 32, 60, 61, 62, 63, 51, 52, 53, 55, 56, 57, 58, 106, 59, 103, 54, 104, 105, 102, 101, 100, 37, 36, 99, 98, 1, 47, 119, 19, 18, 72, 67, 134, 68, 80, 64, 79, 65, 78, 77, 135, 33, 49, 50, 35, 2, 76, 48, 75, 74, 73, 24, 25, 23, 92, 1, 22, 26, 94, 95, 46, 40, 39, 97, 38, 96, 41, 44, 45, 42, 4, 43, 3, 5, 6, 7, 8, 9, 10, 11, 13, 12, 89, 15, 16, 14, 17, 90, 91, 93, 30, 1, 88, 87, 85, 86, 84, 20, 66, 131, 120, 118, 132, 117, 116, 1, 83, 21, 70, 71, 69, 81, 34, 114, 130, 129, 128, 125, 124, 1, 82, 133, 112, 126, 113, 127, 111, 123, 122, 1, 1] 
execTime:5.838[s] 
Length: 1072.5592859944998
sty 30, 2024 11:38:28 PM App main
SEVERE: [RESULT] [ F-n135-k7.vrp] bestTour: [1, 92, 22, 26, 27, 28, 29, 31, 32, 60, 61, 62, 63, 51, 52, 53, 55, 56, 104, 57, 58, 106, 98, 99, 100, 37, 36, 102, 103, 54, 105, 1, 30, 94, 95, 46, 40, 39, 97, 38, 96, 41, 44, 45, 43, 42, 4, 3, 5, 6, 7, 8, 10, 9, 12, 13, 11, 17, 14, 16, 15, 89, 93, 91, 90, 88, 1, 47, 119, 19, 18, 72, 67, 134, 68, 80, 64, 65, 78, 77, 135, 75, 48, 76, 2, 49, 33, 35, 50, 59, 101, 24, 25, 23, 1, 21, 83, 20, 66, 131, 120, 118, 117, 132, 116, 115, 108, 1, 73, 74, 79, 69, 70, 71, 127, 125, 124, 123, 111, 112, 126, 113, 114, 130, 129, 128, 122, 1, 81, 34, 84, 87, 85, 86, 1, 1] 
execTime:37.7[s] 
Length: 1092.3889600294942
sty 30, 2024 11:39:24 PM App main
SEVERE: [RESULT] [ F-n135-k7.vrp] bestTour: [1, 58, 57, 56, 55, 59, 106, 98, 97, 38, 36, 37, 100, 99, 101, 102, 103, 54, 104, 105, 39, 40, 46, 95, 94, 30, 29, 28, 27, 1, 20, 131, 120, 118, 132, 117, 1, 79, 64, 80, 35, 50, 63, 51, 52, 53, 62, 61, 60, 32, 90, 91, 93, 17, 14, 16, 15, 89, 12, 13, 11, 10, 9, 7, 6, 1, 92, 22, 26, 25, 23, 24, 73, 74, 75, 48, 76, 2, 49, 1, 65, 78, 77, 135, 33, 45, 44, 41, 4, 42, 43, 3, 5, 8, 88, 21, 83, 1, 47, 119, 19, 18, 72, 67, 134, 68, 1, 69, 81, 34, 1, 129, 130, 114, 113, 126, 112, 125, 127, 1, 66, 84, 86, 85, 87, 1, 128, 124, 123, 111, 122, 70, 71, 82, 1, 1] 
execTime:4.254[s] 
Length: 1307.8720786256422
sty 30, 2024 11:39:35 PM App main
SEVERE: [RESULT] [ F-n135-k7.vrp] bestTour: [1, 60, 61, 62, 63, 50, 49, 33, 135, 77, 65, 78, 75, 48, 74, 73, 1, 92, 22, 26, 27, 28, 29, 32, 105, 102, 103, 104, 57, 58, 106, 55, 56, 54, 51, 52, 53, 59, 1, 25, 23, 24, 76, 2, 35, 64, 80, 68, 134, 47, 119, 19, 18, 1, 21, 83, 86, 85, 87, 1, 81, 34, 69, 71, 1, 90, 91, 93, 30, 94, 95, 46, 40, 39, 97, 98, 99, 101, 100, 37, 36, 38, 41, 45, 44, 43, 42, 4, 11, 10, 9, 8, 7, 6, 5, 1, 3, 12, 13, 17, 14, 16, 15, 89, 88, 1, 79, 67, 72, 20, 66, 131, 120, 117, 133, 82, 125, 113, 116, 132, 117, 118, 1, 125, 130, 123, 127, 113, 126, 112, 1, 111, 123, 124, 114, 128] 
execTime:11.674[s] 
Length: 1240.8151812059284
sty 30, 2024 11:44:30 PM App main
SEVERE: [RESULT] [ F-n135-k7.vrp] bestTour: [1, 21, 83, 47, 119, 19, 18, 72, 67, 1, 79, 78, 65, 135, 77, 75, 48, 76, 2, 49, 33, 35, 50, 1, 104, 56, 57, 58, 106, 98, 97, 39, 40, 46, 94, 95, 30, 29, 28, 27, 26, 22, 92, 23, 25, 24, 73, 74, 134, 1, 80, 64, 68, 71, 70, 69, 81, 1, 38, 41, 44, 45, 42, 43, 4, 3, 5, 6, 10, 9, 7, 8, 12, 13, 11, 17, 14, 15, 16, 89, 88, 90, 91, 93, 99, 101, 100, 1, 127, 125, 124, 123, 111, 112, 126, 113, 82, 1, 54, 105, 103, 102, 36, 37, 59, 55, 53, 52, 51, 63, 62, 61, 60, 32, 1, 84, 85, 86, 87, 66, 1, 130, 129, 128, 114, 122, 116, 1, 20, 131, 120, 118, 117, 132, 1, 1] 
execTime:4.325[s] 
Length: 1316.899000411879
sty 30, 2024 11:44:43 PM App main
SEVERE: [RESULT] [ F-n135-k7.vrp] bestTour: [1, 92, 22, 26, 27, 28, 29, 30, 93, 17, 14, 16, 15, 89, 12, 13, 11, 10, 9, 7, 6, 5, 3, 43, 42, 4, 38, 46, 40, 1, 102, 103, 104, 57, 58, 56, 55, 59, 106, 98, 97, 39, 101, 99, 100, 37, 36, 2, 76, 48, 73, 74, 1, 83, 21, 88, 90, 91, 8, 45, 44, 41, 94, 95, 54, 51, 52, 53, 63, 62, 61, 60, 32, 1, 24, 25, 23, 75, 77, 135, 33, 49, 35, 50, 1, 87, 85, 86, 84, 20, 19, 18, 1, 47, 119, 67, 72, 134, 68, 80, 64, 79, 65, 1, 78, 66, 131, 120, 116, 132, 117, 118, 1, 71, 70, 34, 81, 1, 105, 1, 133, 82, 123, 125, 112, 111, 123, 125, 122, 132, 113, 127, 129, 129, 130, 1] 
execTime:12.548[s] 
Length: 1235.0792680577902
